

Starting up. 12:10.41
---------------------

Saved mode is 'extended'
ADMIN: tastyfish = Super Administrator


Starting up. 12:11.57
---------------------

Saved mode is 'extended'
ADMIN: tastyfish = Super Administrator
(12:12:00)ACCESS: Login: Tastyfish/(Tastyfish) from 127.0.0.1
(12:12:08)ADMIN: Tastyfish has started the game.
(12:12:08)ACCESS: Logout: *no client*/(Tastyfish)
(12:12:08)ACCESS: Login: Tastyfish/(Kumil Vomit) from 127.0.0.1
(12:21:38)ACCESS: Logout: Tastyfish/(Kumil Vomit)


Starting up. 12:24.12
---------------------

Saved mode is 'extended'
ADMIN: tastyfish = Super Administrator
(12:24:53)ACCESS: Login: Tastyfish/(Tastyfish) from 127.0.0.1
(12:25:03)ADMIN: Tastyfish has started the game.
(12:25:03)ACCESS: Logout: *no client*/(Tastyfish)
(12:25:03)ACCESS: Login: Tastyfish/(Likot Zombie) from 127.0.0.1
(12:27:26)ACCESS: Logout: Tastyfish/(Likot Zombie)
