

Starting up. 00:41.09
---------------------

Saved mode is 'extended'
ADMIN: spaceman96 = Super Administrator
ADMIN: masterofapples = Super Administrator
ADMIN: misterfox = Super Administrator
ADMIN: uristqwerty = Coder
ADMIN: jakkarra = Super Administrator
ADMIN: cib = Coder
ADMIN: headswe = Coder
ADMIN: bluephoenix222 = Super Administrator
ADMIN: arcalane = Super Administrator
ADMIN: iaryni = Coder
ADMIN: cacophony = Super Administrator
ADMIN: wrongnumber = Super Administrator
ADMIN: megacaesar = Super Administrator
ADMIN: miniature = Coder
ADMIN: abi79 = Coder
ADMIN: strumpetplaya = Coder
ADMIN: mloc = Coder
ADMIN: doughnuts = Super Administrator
ADMIN: compactninja = Coder
(00:41:41)ACCESS: Login: Abi79/(Abi79) from 127.0.0.1
(00:41:52)ADMIN: Abi79 has started the game.
(00:41:53)ADMIN: AIizing... (This sometimes might be failing during ai construct boot)
(00:41:53)ADMIN: AIizing: Mind transfer
(00:41:53)ACCESS: Logout: *no client*/(Abi79)
(00:41:53)ACCESS: Login: Abi79/(Abi79) from 127.0.0.1
(00:41:53)ADMIN: AIizing: Mind transfered
(00:41:53)ADMIN: AIizing: Moving to start (End logging, when a construct fails to fully AIize, it doesn't move)
(00:42:39)ACCESS: Logout: *no client*/(A.R.M.O.K.)
(00:42:39)ACCESS: Login: Abi79/(A.R.M.O.K.) from 127.0.0.1
(00:43:03)SAY: monkey (802)/ : *twitch
(00:43:13)SAY: monkey (955)/ : *twitch
(00:43:32)ACCESS: Logout: Abi79/(A.R.M.O.K.)
