

Starting up. 17:37.10
---------------------

Saved mode is 'extended'
ADMIN: tastyfish = Super Administrator
(17:37:45)ACCESS: Login: Tastyfish/(Tastyfish) from 127.0.0.1
(17:38:16)ADMIN: Tastyfish has started the game.
(17:38:17)ACCESS: Logout: *no client*/(Tastyfish)
(17:38:17)ACCESS: Login: Tastyfish/(Nil Time) from 127.0.0.1
(17:38:39)ADMIN: Tastyfish/(Nil Time) jumped to Chapel
(17:39:50)ACCESS: Logout: Tastyfish/(Nil Time)


Starting up. 17:42.05
---------------------

Saved mode is 'extended'
ADMIN: tastyfish = Super Administrator
(17:42:07)ACCESS: Login: Tastyfish/(Tastyfish) from 127.0.0.1
(17:42:56)ADMIN: Tastyfish/(Tastyfish) banned Tastyfish/(Tastyfish) from Captain
(17:43:22)ADMIN: Tastyfish has started the game.
(17:43:23)ACCESS: Logout: *no client*/(Tastyfish)
(17:43:23)ACCESS: Login: Tastyfish/(Oddum Lever) from 127.0.0.1
(17:43:26)SAY: monkey (911)/ : *drool
(17:43:41)ADMIN: Tastyfish/(Oddum Lever) jumped to Chapel
(17:43:44)SAY: monkey (333)/ : *twitch
(17:43:56)SAY: monkey (911)/ : *drool
(17:44:52)SAY: monkey (909)/ : *drool
(17:45:12)SAY: monkey (911)/ : *drool
(17:45:18)SAY: monkey (333)/ : *twitch
(17:45:33)SAY: monkey (7)/ : *drool
(17:46:25)SAY: monkey (911)/ : *drool
(17:46:31)SAY: monkey (911)/ : *drool
(17:46:40)SAY: monkey (909)/ : *drool
(17:46:58)SAY: monkey (7)/ : *drool
(17:47:01)SAY: monkey (333)/ : *twitch
(17:47:17)SAY: monkey (911)/ : *drool
(17:47:41)SAY: monkey (851)/ : *drool
(17:47:47)SAY: monkey (191)/ : *twitch
(17:48:14)SAY: monkey (191)/ : *twitch
(17:48:36)SAY: monkey (911)/ : *drool
(17:49:00)SAY: monkey (909)/ : *drool
(17:49:06)SAY: monkey (191)/ : *twitch
(17:49:06)SAY: monkey (7)/ : *drool
(17:49:27)SAY: monkey (7)/ : *drool
(17:49:33)SAY: monkey (333)/ : *twitch
(17:49:33)SAY: monkey (851)/ : *drool
(17:49:43)SAY: monkey (333)/ : *cough
(17:49:43)SAY: monkey (851)/ : *drool
(17:49:57)SAY: monkey (333)/ : *twitch
(17:50:07)SAY: monkey (655)/ : *twitch
(17:50:23)SAY: monkey (851)/ : *drool
(17:50:27)SAY: monkey (851)/ : *drool
(17:50:42)SAY: monkey (77)/ : *twitch
(17:50:42)SAY: monkey (909)/ : *drool
(17:50:48)SAY: monkey (754)/ : *drool
(17:50:57)SAY: monkey (333)/ : *cough
(17:51:12)SAY: monkey (754)/ : *drool
(17:51:18)SAY: monkey (754)/ : *drool
(17:51:30)SAY: monkey (911)/ : *drool
(17:51:33)SAY: monkey (333)/ : *cough
(17:51:33)SAY: monkey (911)/ : *drool
(17:51:40)SAY: monkey (909)/ : *drool
(17:51:52)SAY: monkey (655)/ : *cough
(17:51:52)SAY: monkey (7)/ : *drool
(17:52:01)SAY: monkey (655)/ : *twitch
(17:52:25)SAY: monkey (655)/ : *cough
(17:52:38)SAY: monkey (191)/ : *twitch
(17:52:54)SAY: monkey (333)/ : *cough
(17:52:54)SAY: monkey (754)/ : *drool
(17:52:57)SAY: monkey (333)/ : *cough
(17:53:09)SAY: monkey (333)/ : *twitch
(17:53:15)SAY: monkey (333)/ : *twitch
(17:53:18)SAY: monkey (655)/ : *twitch
(17:53:18)SAY: monkey (787)/ : *twitch
(17:53:25)SAY: monkey (77)/ : *twitch
(17:53:28)SAY: monkey (191)/ : *cough
(17:53:28)SAY: monkey (655)/ : *twitch
(17:53:34)SAY: monkey (191)/ : *cough
(17:53:37)SAY: monkey (911)/ : *drool
(17:53:37)SAY: monkey (754)/ : *drool
(17:53:40)SAY: monkey (77)/ : *twitch
(17:53:46)SAY: monkey (851)/ : *drool
(17:53:49)SAY: monkey (333)/ : *twitch
(17:53:55)SAY: monkey (77)/ : *twitch
(17:54:01)SAY: monkey (911)/ : *drool
(17:54:04)SAY: monkey (333)/ : *cough
(17:54:11)SAY: monkey (191)/ : *twitch
(17:54:17)SAY: monkey (909)/ : *drool
(17:54:17)SAY: monkey (754)/ : *drool
(17:54:26)SAY: monkey (810)/ : *twitch
(17:54:29)SAY: monkey (77)/ : *twitch
(17:54:32)SAY: monkey (191)/ : *twitch
(17:54:32)SAY: monkey (787)/ : *twitch
(17:54:36)SAY: monkey (810)/ : *twitch
(17:54:36)SAY: monkey (909)/ : *drool
(17:54:39)SAY: monkey (191)/ : *cough
(17:54:42)SAY: monkey (655)/ : *twitch
(17:54:45)SAY: monkey (191)/ : *twitch
(17:54:48)SAY: monkey (191)/ : *twitch
(17:54:54)SAY: monkey (191)/ : *cough
(17:55:01)SAY: monkey (191)/ : *twitch
(17:55:01)SAY: monkey (851)/ : *drool
(17:55:04)SAY: monkey (333)/ : *cough
(17:55:14)SAY: monkey (810)/ : *twitch
(17:55:14)SAY: monkey (7)/ : *drool
(17:55:17)SAY: monkey (810)/ : *twitch
(17:55:27)SAY: monkey (754)/ : *drool
(17:55:30)SAY: monkey (655)/ : *cough
(17:55:36)SAY: monkey (655)/ : *cough
(17:55:39)SAY: monkey (909)/ : *drool
(17:55:45)SAY: monkey (810)/ : *twitch
(17:55:57)SAY: monkey (77)/ : *twitch
(17:55:57)SAY: monkey (77)/ : *cough
(17:56:03)SAY: monkey (810)/ : *twitch
(17:56:03)SAY: monkey (77)/ : *cough
(17:56:06)SAY: monkey (77)/ : *twitch
(17:56:06)SAY: monkey (754)/ : *drool
(17:56:08)SAY: monkey (810)/ : *cough
(17:56:11)SAY: monkey (191)/ : *twitch
(17:56:11)SAY: monkey (655)/ : *twitch
(17:56:15)SAY: monkey (787)/ : *twitch
(17:56:23)SAY: monkey (655)/ : *cough
(17:56:23)SAY: monkey (810)/ : *cough
(17:56:23)SAY: monkey (851)/ : *drool
(17:56:26)SAY: monkey (655)/ : *cough
(17:56:29)SAY: monkey (909)/ : *drool
(17:56:35)SAY: monkey (77)/ : *cough
(17:56:41)SAY: monkey (810)/ : *twitch
(17:56:44)SAY: monkey (810)/ : *cough
(17:56:51)SAY: monkey (851)/ : *drool
(17:56:54)SAY: monkey (77)/ : *twitch
(17:56:54)SAY: monkey (851)/ : *drool
(17:57:04)SAY: monkey (787)/ : *twitch
(17:57:07)SAY: monkey (851)/ : *drool
(17:57:13)SAY: monkey (7)/ : *drool
(17:57:20)SAY: monkey (851)/ : *drool
(17:57:23)SAY: monkey (333)/ : *twitch
(17:57:23)SAY: monkey (333)/ : *cough
(17:57:25)SAY: monkey (655)/ : *cough
(17:57:28)SAY: monkey (787)/ : *twitch
(17:57:41)SAY: monkey (909)/ : *drool
(17:57:48)SAY: monkey (810)/ : *cough
(17:57:48)SAY: monkey (77)/ : *cough
(17:57:48)SAY: monkey (754)/ : *drool
(17:57:51)SAY: monkey (333)/ : *twitch
(17:57:51)SAY: monkey (7)/ : *drool
(17:57:54)SAY: monkey (909)/ : *drool
(17:57:57)SAY: monkey (655)/ : *cough
(17:57:57)SAY: monkey (77)/ : *twitch
(17:57:57)SAY: monkey (77)/ : *cough
(17:58:00)SAY: monkey (191)/ : *twitch
(17:58:00)SAY: monkey (754)/ : *drool
(17:58:03)SAY: monkey (7)/ : *drool
(17:58:06)SAY: monkey (909)/ : *drool
(17:58:12)SAY: monkey (191)/ : *twitch
(17:58:36)SAY: monkey (787)/ : *twitch
(17:58:36)SAY: monkey (911)/ : *drool
(17:58:39)SAY: monkey (655)/ : *cough
(17:58:45)SAY: monkey (851)/ : *drool
(17:58:48)SAY: monkey (909)/ : *drool
(17:58:57)SAY: monkey (333)/ : *twitch
(17:59:04)SAY: monkey (191)/ : *twitch
(17:59:07)SAY: monkey (810)/ : *twitch
(17:59:07)SAY: monkey (77)/ : *cough
(17:59:09)SAY: monkey (333)/ : *cough
(17:59:09)SAY: monkey (911)/ : *giggle
(17:59:12)SAY: monkey (911)/ : *giggle
(17:59:27)SAY: monkey (655)/ : *cough
(17:59:28)SAY: monkey (909)/ : *drool
(17:59:40)SAY: monkey (754)/ : *drool
(17:59:43)SAY: monkey (7)/ : *drool
(17:59:46)SAY: monkey (911)/ : *drool
(17:59:49)SAY: monkey (333)/ : *twitch
(17:59:52)SAY: monkey (655)/ : *cough
(17:59:52)SAY: monkey (7)/ : *drool
(18:00:07)SAY: monkey (333)/ : *cough
(18:00:20)SAY: monkey (7)/ : *drool
(18:00:22)SAY: monkey (77)/ : *cough
(18:00:25)SAY: monkey (191)/ : *twitch
(18:00:25)SAY: monkey (7)/ : *drool
(18:00:28)SAY: monkey (655)/ : *twitch
(18:00:28)SAY: monkey (911)/ : *giggle
(18:00:28)SAY: monkey (7)/ : *drool
(18:00:31)SAY: monkey (787)/ : *twitch
(18:00:31)SAY: monkey (77)/ : *cough
(18:00:34)SAY: monkey (909)/ : *drool
(18:00:44)SAY: monkey (77)/ : *twitch
(18:00:50)SAY: monkey (333)/ : *twitch
(18:00:53)SAY: monkey (333)/ : *cough
(18:00:53)SAY: monkey (909)/ : *drool
(18:00:55)SAY: monkey (655)/ : *cough
(18:01:02)SAY: monkey (333)/ : *twitch
(18:01:02)SAY: monkey (754)/ : *drool
(18:01:05)SAY: monkey (911)/ : *giggle
(18:01:11)SAY: monkey (77)/ : *twitch
(18:01:17)SAY: monkey (191)/ : *cough
(18:01:20)SAY: monkey (909)/ : *giggle
(18:01:29)SAY: monkey (655)/ : *twitch
(18:01:29)SAY: monkey (77)/ : *twitch
(18:01:32)SAY: monkey (77)/ : *cough
(18:01:35)SAY: monkey (333)/ : *cough
(18:01:35)SAY: monkey (655)/ : *twitch
(18:01:35)SAY: monkey (655)/ : *cough
(18:01:35)SAY: monkey (911)/ : *giggle
(18:01:35)SAY: monkey (851)/ : *drool
(18:01:39)SAY: monkey (655)/ : *twitch
(18:01:42)SAY: monkey (77)/ : *twitch
(18:01:42)SAY: monkey (911)/ : *drool
(18:01:51)SAY: monkey (77)/ : *cough
(18:01:52)SAY: monkey (909)/ : *drool
(18:01:52)SAY: monkey (909)/ : *giggle
(18:01:58)SAY: monkey (754)/ : *drool
(18:02:20)SAY: monkey (7)/ : *drool
(18:02:23)SAY: monkey (7)/ : *drool
(18:02:23)SAY: monkey (7)/ : *giggle
(18:02:30)SAY: monkey (77)/ : *cough
(18:02:33)SAY: monkey (655)/ : *cough
(18:02:40)SAY: monkey (911)/ : *drool
(18:02:44)SAY: monkey (191)/ : *cough
(18:02:44)SAY: monkey (810)/ : *cough
(18:02:44)SAY: monkey (77)/ : *cough
(18:02:44)SAY: monkey (754)/ : *drool
(18:02:44)SAY: monkey (851)/ : *drool
(18:02:49)SAY: monkey (911)/ : *drool
(18:02:56)SAY: monkey (333)/ : *cough
(18:02:59)SAY: monkey (909)/ : *drool
(18:03:02)SAY: monkey (851)/ : *drool
(18:03:05)SAY: monkey (191)/ : *cough
(18:03:12)SAY: monkey (810)/ : *cough
(18:03:15)SAY: monkey (911)/ : *drool
(18:03:15)SAY: monkey (909)/ : *drool
(18:03:18)SAY: monkey (810)/ : *cough
(18:03:21)SAY: monkey (191)/ : *cough
(18:03:21)SAY: monkey (77)/ : *cough
(18:03:33)SAY: monkey (655)/ : *twitch
(18:03:33)SAY: monkey (77)/ : *cough
(18:03:37)SAY: monkey (851)/ : *drool
(18:03:37)SAY: monkey (851)/ : *giggle
(18:03:43)SAY: monkey (787)/ : *cough
(18:03:43)SAY: monkey (77)/ : *twitch
(18:03:46)SAY: monkey (77)/ : *cough
(18:03:49)SAY: monkey (655)/ : *cough
(18:03:55)SAY: monkey (191)/ : *cough
(18:03:55)SAY: monkey (787)/ : *cough
(18:03:58)SAY: monkey (333)/ : *twitch
(18:04:02)SAY: monkey (851)/ : *giggle
(18:04:04)SAY: monkey (655)/ : *cough
(18:04:14)SAY: monkey (909)/ : *giggle
(18:04:18)SAY: monkey (909)/ : *drool
(18:04:23)SAY: monkey (333)/ : *groan
(18:04:26)SAY: monkey (787)/ : *cough
(18:04:32)SAY: monkey (191)/ : *twitch
(18:04:32)SAY: monkey (7)/ : *drool
(18:04:36)SAY: monkey (810)/ : *twitch
(18:04:36)SAY: monkey (787)/ : *cough
(18:04:36)SAY: monkey (851)/ : *drool
(18:04:39)SAY: monkey (810)/ : *twitch
(18:04:42)SAY: monkey (77)/ : *twitch
(18:04:58)SAY: monkey (787)/ : *cough
(18:05:01)SAY: monkey (810)/ : *twitch
(18:05:05)SAY: monkey (333)/ : *cough
(18:05:10)SAY: monkey (655)/ : *twitch
(18:05:16)SAY: monkey (333)/ : *twitch
(18:05:16)SAY: monkey (77)/ : *twitch
(18:05:20)SAY: monkey (77)/ : *twitch
(18:05:23)SAY: monkey (191)/ : *twitch
(18:05:26)SAY: monkey (191)/ : *cough
(18:05:26)SAY: monkey (655)/ : *twitch
(18:05:29)SAY: monkey (787)/ : *twitch
(18:05:29)SAY: monkey (77)/ : *cough
(18:05:29)SAY: monkey (909)/ : *drool
(18:05:29)SAY: monkey (754)/ : *drool
(18:05:33)SAY: monkey (191)/ : *cough
(18:05:33)SAY: monkey (911)/ : *giggle
(18:05:36)SAY: monkey (333)/ : *twitch
(18:05:36)SAY: monkey (333)/ : *cough
(18:05:36)SAY: monkey (655)/ : *twitch
(18:05:36)SAY: monkey (909)/ : *giggle
(18:05:48)SAY: monkey (810)/ : *cough
(18:05:54)SAY: monkey (333)/ : *cough
(18:05:54)SAY: monkey (77)/ : *cough
(18:05:54)SAY: monkey (7)/ : *drool
(18:05:57)SAY: monkey (333)/ : *twitch
(18:05:57)SAY: monkey (191)/ : *cough
(18:06:01)SAY: monkey (810)/ : *twitch
(18:06:01)SAY: monkey (754)/ : *giggle
(18:06:01)SAY: monkey (7)/ : *drool
(18:06:01)SAY: monkey (7)/ : *giggle
(18:06:07)SAY: monkey (787)/ : *twitch
(18:06:07)SAY: monkey (911)/ : *drool
(18:06:07)SAY: monkey (7)/ : *drool
(18:06:10)SAY: monkey (754)/ : *giggle
(18:06:13)SAY: monkey (333)/ : *cough
(18:06:22)SAY: monkey (787)/ : *cough
(18:06:25)SAY: monkey (909)/ : *drool
(18:06:29)SAY: monkey (787)/ : *cough
(18:06:32)SAY: monkey (77)/ : *cough
(18:06:42)SAY: monkey (7)/ : *drool
(18:06:45)SAY: monkey (810)/ : *cough
(18:06:51)SAY: monkey (333)/ : *twitch
(18:06:58)SAY: monkey (77)/ : *cough
(18:06:58)SAY: monkey (754)/ : *giggle
(18:07:10)SAY: monkey (754)/ : *drool
(18:07:10)SAY: monkey (851)/ : *drool
(18:07:16)SAY: monkey (810)/ : *groan
(18:07:19)SAY: monkey (754)/ : *drool
(18:07:19)SAY: monkey (851)/ : *giggle
(18:07:22)SAY: monkey (909)/ : *drool
(18:07:22)SAY: monkey (754)/ : *giggle
(18:07:28)SAY: monkey (787)/ : *twitch
(18:07:28)SAY: monkey (787)/ : *cough
(18:07:31)SAY: monkey (810)/ : *twitch
(18:07:34)SAY: monkey (851)/ : *giggle
(18:07:41)SAY: monkey (911)/ : *drool
(18:07:41)SAY: monkey (911)/ : *giggle
(18:07:41)SAY: monkey (909)/ : *giggle
(18:07:43)SAY: monkey (787)/ : *twitch
(18:07:53)SAY: monkey (77)/ : *twitch
(18:07:59)SAY: monkey (191)/ : *cough
(18:08:08)SAY: monkey (911)/ : *drool
(18:08:08)SAY: monkey (7)/ : *drool
(18:08:22)SAY: monkey (191)/ : *cough
(18:08:25)SAY: monkey (911)/ : *giggle
(18:08:25)SAY: monkey (909)/ : *drool
(18:08:28)SAY: monkey (655)/ : *twitch
(18:08:31)SAY: monkey (333)/ : *cough
(18:08:31)SAY: monkey (655)/ : *cough
(18:08:31)SAY: monkey (787)/ : *cough
(18:08:34)SAY: monkey (191)/ : *groan
(18:08:34)SAY: monkey (7)/ : *drool
(18:08:37)SAY: monkey (191)/ : *cough
(18:08:37)SAY: monkey (911)/ : *giggle
(18:08:40)SAY: monkey (77)/ : *twitch
(18:08:43)SAY: monkey (911)/ : *giggle
(18:08:46)SAY: monkey (333)/ : *twitch
(18:08:49)SAY: monkey (333)/ : *twitch
(18:08:52)SAY: monkey (333)/ : *cough
(18:08:55)SAY: monkey (911)/ : *drool
(18:08:58)SAY: monkey (191)/ : *cough
(18:08:58)SAY: monkey (909)/ : *giggle
(18:09:02)SAY: monkey (77)/ : *twitch
(18:09:02)SAY: monkey (911)/ : *drool
(18:09:05)SAY: monkey (7)/ : *drool
(18:09:14)SAY: monkey (77)/ : *twitch
(18:09:14)SAY: monkey (909)/ : *drool
(18:09:20)SAY: monkey (77)/ : *twitch
(18:09:20)SAY: monkey (77)/ : *cough
(18:09:23)SAY: monkey (655)/ : *twitch
(18:09:23)SAY: monkey (655)/ : *cough
(18:09:26)SAY: monkey (333)/ : *twitch
(18:09:29)SAY: monkey (333)/ : *twitch
(18:09:29)SAY: monkey (333)/ : *groan
(18:09:44)SAY: monkey (754)/ : *giggle
(18:09:47)SAY: monkey (810)/ : *groan
(18:09:50)SAY: monkey (911)/ : *giggle
(18:09:53)SAY: monkey (191)/ : *twitch
(18:09:53)SAY: monkey (77)/ : *twitch
(18:09:59)SAY: monkey (810)/ : *cough
(18:10:02)SAY: monkey (7)/ : *giggle
(18:10:05)SAY: monkey (77)/ : *groan
(18:10:09)SAY: monkey (7)/ : *giggle
(18:10:12)SAY: monkey (787)/ : *cough
(18:10:12)SAY: monkey (77)/ : *cough
(18:10:15)SAY: monkey (655)/ : *cough
(18:10:18)SAY: monkey (909)/ : *giggle
(18:10:30)SAY: monkey (810)/ : *twitch
(18:10:30)SAY: monkey (77)/ : *groan
(18:10:34)SAY: monkey (191)/ : *twitch
(18:10:37)SAY: monkey (333)/ : *cough
(18:10:37)SAY: monkey (909)/ : *drool
(18:10:37)SAY: monkey (851)/ : *giggle
(18:10:52)SAY: monkey (333)/ : *twitch
(18:10:52)SAY: monkey (787)/ : *cough
(18:10:52)SAY: monkey (909)/ : *drool
(18:10:55)SAY: monkey (191)/ : *twitch
(18:10:55)SAY: monkey (787)/ : *twitch
(18:10:58)SAY: monkey (333)/ : *twitch
(18:11:07)SAY: monkey (909)/ : *giggle
(18:11:10)SAY: monkey (655)/ : *twitch
(18:11:20)SAY: monkey (787)/ : *twitch
(18:11:26)SAY: monkey (191)/ : *twitch
(18:11:26)SAY: monkey (909)/ : *drool
(18:11:29)SAY: monkey (333)/ : *twitch
(18:11:29)SAY: monkey (787)/ : *twitch
(18:11:38)SAY: monkey (655)/ : *twitch
(18:11:42)SAY: monkey (787)/ : *twitch
(18:11:45)SAY: monkey (333)/ : *twitch
(18:11:45)SAY: monkey (191)/ : *groan
(18:11:48)SAY: monkey (810)/ : *cough
(18:11:51)SAY: monkey (851)/ : *giggle
(18:11:54)SAY: monkey (851)/ : *drool
(18:11:57)SAY: monkey (810)/ : *twitch
(18:11:57)SAY: monkey (77)/ : *twitch
(18:12:01)SAY: monkey (7)/ : *drool
(18:12:10)SAY: monkey (911)/ : *giggle
(18:12:10)SAY: monkey (754)/ : *giggle
(18:12:12)SAY: monkey (333)/ : *cough
(18:12:13)SAY: monkey (7)/ : *drool
(18:12:16)SAY: monkey (911)/ : *giggle
(18:12:19)SAY: monkey (333)/ : *twitch
(18:12:22)SAY: monkey (909)/ : *giggle
(18:12:25)SAY: monkey (655)/ : *cough
(18:12:25)SAY: monkey (754)/ : *drool
(18:12:31)SAY: monkey (333)/ : *twitch
(18:12:34)SAY: monkey (655)/ : *cough
(18:12:38)SAY: monkey (810)/ : *twitch
(18:12:44)SAY: monkey (909)/ : *giggle
(18:12:44)SAY: monkey (754)/ : *giggle
(18:12:47)SAY: monkey (754)/ : *giggle
(18:12:50)SAY: monkey (77)/ : *twitch
(18:12:53)SAY: monkey (191)/ : *twitch
(18:12:53)SAY: monkey (810)/ : *twitch
(18:12:56)SAY: monkey (911)/ : *drool
(18:12:59)SAY: monkey (787)/ : *cough
(18:13:02)SAY: monkey (787)/ : *cough
(18:13:05)SAY: monkey (77)/ : *cough
(18:13:05)SAY: monkey (909)/ : *drool
(18:13:16)SAY: monkey (655)/ : *twitch
(18:13:16)SAY: monkey (787)/ : *cough
(18:13:19)SAY: monkey (191)/ : *cough
(18:13:19)SAY: monkey (787)/ : *cough
(18:13:22)SAY: monkey (77)/ : *twitch
(18:13:29)SAY: monkey (787)/ : *twitch
(18:13:29)SAY: monkey (77)/ : *twitch
(18:13:29)SAY: monkey (7)/ : *giggle
(18:13:35)SAY: monkey (333)/ : *cough
(18:13:35)SAY: monkey (77)/ : *cough
(18:13:35)SAY: monkey (911)/ : *drool
(18:13:35)SAY: monkey (909)/ : *drool
(18:13:35)SAY: monkey (7)/ : *drool
(18:13:39)SAY: monkey (655)/ : *cough
(18:13:39)SAY: monkey (787)/ : *cough
(18:13:42)SAY: monkey (333)/ : *groan
(18:13:45)SAY: monkey (655)/ : *cough
(18:13:48)SAY: monkey (333)/ : *cough
(18:13:48)SAY: monkey (655)/ : *cough
(18:13:48)SAY: monkey (787)/ : *cough
(18:13:48)SAY: monkey (787)/ : *groan
(18:13:52)SAY: monkey (810)/ : *twitch
(18:13:52)SAY: monkey (909)/ : *drool
(18:13:55)SAY: monkey (77)/ : *groan
(18:13:55)SAY: monkey (911)/ : *giggle
(18:13:58)SAY: monkey (810)/ : *twitch
(18:13:58)SAY: monkey (77)/ : *cough
(18:13:58)SAY: monkey (851)/ : *drool
(18:14:04)SAY: monkey (655)/ : *cough
(18:14:04)SAY: monkey (787)/ : *cough
(18:14:04)SAY: monkey (909)/ : *drool
(18:14:04)SAY: monkey (754)/ : *drool
(18:14:07)SAY: monkey (191)/ : *groan
(18:14:14)SAY: monkey (77)/ : *twitch
(18:14:16)SAY: monkey (77)/ : *cough
(18:14:16)SAY: monkey (911)/ : *drool
(18:14:16)SAY: monkey (754)/ : *giggle
(18:14:19)SAY: monkey (787)/ : *groan
(18:14:28)SAY: monkey (655)/ : *cough
(18:14:31)SAY: monkey (191)/ : *cough
(18:14:46)SAY: monkey (655)/ : *twitch
(18:14:55)SAY: monkey (191)/ : *cough
(18:15:04)SAY: monkey (909)/ : *drool
(18:15:04)SAY: monkey (7)/ : *giggle
(18:15:07)SAY: monkey (787)/ : *twitch
(18:15:07)SAY: monkey (77)/ : *twitch
(18:15:14)SAY: monkey (655)/ : *cough
(18:15:14)SAY: monkey (787)/ : *cough
(18:15:17)SAY: monkey (810)/ : *cough
(18:15:17)SAY: monkey (911)/ : *giggle
(18:15:27)SAY: monkey (787)/ : *twitch
(18:15:27)SAY: monkey (77)/ : *cough
(18:15:27)SAY: monkey (911)/ : *giggle
(18:15:27)SAY: monkey (7)/ : *drool
(18:15:36)SAY: monkey (655)/ : *groan
(18:15:36)SAY: monkey (810)/ : *cough
(18:15:39)SAY: monkey (911)/ : *giggle
(18:15:39)SAY: monkey (754)/ : *giggle
(18:15:42)SAY: monkey (909)/ : *drool
(18:15:52)SAY: monkey (911)/ : *drool
(18:15:55)SAY: monkey (77)/ : *twitch
(18:15:58)SAY: monkey (787)/ : *cough
(18:16:01)SAY: monkey (787)/ : *cough
(18:16:04)SAY: monkey (77)/ : *cough
(18:16:07)SAY: monkey (333)/ : *twitch
(18:16:10)SAY: monkey (911)/ : *giggle
(18:16:10)SAY: monkey (909)/ : *drool
(18:16:10)SAY: monkey (851)/ : *drool
(18:16:17)SAY: monkey (754)/ : *drool
(18:16:17)SAY: monkey (7)/ : *giggle
(18:16:19)SAY: monkey (333)/ : *cough
(18:16:22)SAY: monkey (787)/ : *twitch
(18:16:25)SAY: monkey (77)/ : *twitch
(18:16:29)SAY: monkey (810)/ : *cough
(18:16:29)SAY: monkey (7)/ : *giggle
(18:16:32)SAY: monkey (810)/ : *twitch
(18:16:32)SAY: monkey (909)/ : *giggle
(18:16:38)SAY: monkey (810)/ : *cough
(18:16:42)SAY: monkey (787)/ : *groan
(18:16:47)SAY: monkey (911)/ : *drool
(18:16:53)SAY: monkey (909)/ : *giggle
(18:16:59)SAY: monkey (333)/ : *scream
(18:17:00)SAY: monkey (77)/ : *twitch
(18:17:00)SAY: monkey (851)/ : *drool
(18:17:05)SAY: monkey (911)/ : *giggle
(18:17:15)SAY: monkey (810)/ : *groan
(18:17:15)SAY: monkey (909)/ : *drool
(18:17:18)SAY: monkey (77)/ : *twitch
(18:17:21)SAY: monkey (810)/ : *twitch
(18:17:21)SAY: monkey (7)/ : *drool
(18:17:28)SAY: monkey (810)/ : *twitch
(18:17:28)SAY: monkey (810)/ : *groan
(18:17:31)SAY: monkey (911)/ : *drool
(18:17:31)SAY: monkey (909)/ : *giggle
(18:17:34)SAY: monkey (77)/ : *twitch
(18:17:34)SAY: monkey (77)/ : *cough
(18:17:34)SAY: monkey (754)/ : *drool
(18:17:37)SAY: monkey (333)/ : *scream
(18:17:37)SAY: monkey (810)/ : *cough
(18:17:37)SAY: monkey (787)/ : *twitch
(18:17:49)SAY: monkey (787)/ : *twitch
(18:17:49)SAY: monkey (7)/ : *giggle
(18:17:56)SAY: monkey (851)/ : *drool
(18:18:02)SAY: monkey (333)/ : *groan
(18:18:05)SAY: monkey (810)/ : *groan
(18:18:05)SAY: monkey (787)/ : *cough
(18:18:07)SAY: monkey (333)/ : *twitch
(18:18:08)SAY: monkey (333)/ : *cough
(18:18:10)SAY: monkey (333)/ : *cough
(18:18:10)SAY: monkey (77)/ : *cough
(18:18:16)SAY: monkey (754)/ : *giggle
(18:18:19)SAY: monkey (787)/ : *cough
(18:18:23)SAY: monkey (77)/ : *cough
(18:18:26)SAY: monkey (655)/ : *scream
(18:18:35)SAY: monkey (655)/ : *twitch
(18:18:35)SAY: monkey (911)/ : *drool
(18:18:38)SAY: monkey (911)/ : *giggle
(18:18:38)SAY: monkey (909)/ : *drool
(18:18:38)SAY: monkey (754)/ : *giggle
(18:18:41)SAY: monkey (655)/ : *cough
(18:18:41)SAY: monkey (7)/ : *giggle
(18:18:44)SAY: monkey (655)/ : *twitch
(18:18:44)SAY: monkey (655)/ : *scream
(18:18:51)SAY: monkey (191)/ : *twitch
(18:18:51)SAY: monkey (77)/ : *cough
(18:18:57)SAY: monkey (77)/ : *twitch
(18:19:00)SAY: monkey (191)/ : *twitch
(18:19:03)SAY: monkey (333)/ : *cough
(18:19:03)SAY: monkey (333)/ : *scream
(18:19:03)SAY: monkey (7)/ : *drool
(18:19:06)SAY: monkey (911)/ : *drool
(18:19:09)SAY: monkey (191)/ : *twitch
(18:19:12)SAY: monkey (191)/ : *cough
(18:19:15)SAY: monkey (810)/ : *cough
(18:19:18)SAY: monkey (911)/ : *giggle
(18:19:24)SAY: monkey (851)/ : *drool
(18:19:27)SAY: monkey (77)/ : *groan
(18:19:27)SAY: monkey (911)/ : *giggle
(18:19:34)SAY: monkey (333)/ : *cough
(18:19:34)SAY: monkey (810)/ : *cough
(18:19:34)SAY: monkey (851)/ : *giggle
(18:19:40)SAY: monkey (810)/ : *twitch
(18:19:43)SAY: monkey (655)/ : *scream
(18:19:46)SAY: monkey (655)/ : *cough
(18:19:52)SAY: monkey (333)/ : *cough
(18:19:58)SAY: monkey (655)/ : *twitch
(18:20:05)SAY: monkey (655)/ : *scream
(18:20:07)SAY: monkey (333)/ : *cough
(18:20:10)SAY: monkey (191)/ : *cough
(18:20:13)SAY: monkey (333)/ : *scream
(18:20:16)SAY: monkey (191)/ : *cough
(18:20:16)SAY: monkey (655)/ : *cough
(18:20:16)SAY: monkey (655)/ : *scream
(18:20:19)SAY: monkey (655)/ : *cough
(18:20:19)SAY: monkey (787)/ : *cough
(18:20:22)SAY: monkey (655)/ : *cough
(18:20:29)SAY: monkey (191)/ : *cough
(18:20:36)SAY: monkey (754)/ : *giggle
(18:20:39)SAY: monkey (7)/ : *drool
(18:20:44)SAY: monkey (333)/ : *twitch
(18:20:44)SAY: monkey (333)/ : *scream
(18:20:44)SAY: monkey (787)/ : *twitch
(18:20:47)SAY: monkey (333)/ : *twitch
(18:20:47)SAY: monkey (810)/ : *twitch
(18:20:50)SAY: monkey (851)/ : *giggle
(18:20:54)SAY: monkey (810)/ : *twitch
(18:20:57)SAY: monkey (333)/ : *cough
(18:21:00)SAY: monkey (810)/ : *cough
(18:21:06)SAY: monkey (810)/ : *twitch
(18:21:10)SAY: monkey (911)/ : *giggle
(18:21:13)SAY: monkey (333)/ : *twitch
(18:21:13)SAY: monkey (191)/ : *cough
(18:21:13)SAY: monkey (77)/ : *twitch
(18:21:19)SAY: monkey (909)/ : *drool
(18:21:19)SAY: monkey (7)/ : *giggle
(18:21:22)SAY: monkey (333)/ : *twitch
(18:21:22)SAY: monkey (787)/ : *cough
(18:21:26)SAY: monkey (655)/ : *twitch
(18:21:29)SAY: monkey (333)/ : *cough
(18:21:29)SAY: monkey (810)/ : *cough
(18:21:29)SAY: monkey (911)/ : *drool
(18:21:29)SAY: monkey (909)/ : *giggle
(18:21:38)SAY: monkey (851)/ : *drool
(18:21:41)SAY: monkey (810)/ : *cough
(18:21:44)SAY: monkey (191)/ : *cough
(18:21:48)SAY: monkey (655)/ : *twitch
(18:21:48)SAY: monkey (911)/ : *drool
(18:21:54)SAY: monkey (333)/ : *twitch
(18:21:54)SAY: monkey (787)/ : *twitch
(18:21:54)SAY: monkey (909)/ : *drool
(18:21:57)SAY: monkey (191)/ : *scream
(18:21:57)SAY: monkey (655)/ : *cough
(18:22:00)SAY: monkey (333)/ : *twitch
(18:22:00)SAY: monkey (655)/ : *scream
(18:22:00)SAY: monkey (787)/ : *twitch
(18:22:06)SAY: monkey (191)/ : *scream
(18:22:09)SAY: monkey (909)/ : *drool
(18:22:09)SAY: monkey (754)/ : *giggle
(18:22:13)SAY: monkey (655)/ : *cough
(18:22:13)SAY: monkey (655)/ : *scream
(18:22:13)SAY: monkey (77)/ : *scream
(18:22:16)SAY: monkey (909)/ : *drool
(18:22:22)SAY: monkey (911)/ : *giggle
(18:22:22)SAY: monkey (7)/ : *giggle
(18:22:25)SAY: monkey (77)/ : *scream
(18:22:25)SAY: monkey (911)/ : *giggle
(18:22:25)SAY: monkey (754)/ : *drool
(18:22:28)SAY: monkey (655)/ : *scream
(18:22:28)SAY: monkey (77)/ : *twitch
(18:22:31)SAY: monkey (333)/ : *cough
(18:22:31)SAY: monkey (810)/ : *scream
(18:22:34)SAY: monkey (810)/ : *cough
(18:22:37)SAY: monkey (7)/ : *drool
(18:22:43)SAY: monkey (333)/ : *twitch
(18:22:43)SAY: monkey (851)/ : *giggle
(18:22:46)SAY: monkey (191)/ : *cough
(18:22:52)SAY: monkey (787)/ : *cough
(18:22:52)SAY: monkey (754)/ : *drool
(18:22:52)SAY: monkey (851)/ : *drool
(18:22:55)SAY: monkey (333)/ : *scream
(18:22:55)SAY: monkey (191)/ : *scream
(18:22:55)SAY: monkey (787)/ : *cough
(18:22:55)SAY: monkey (7)/ : *giggle
(18:22:58)SAY: monkey (191)/ : *twitch
(18:22:58)SAY: monkey (909)/ : *giggle
(18:22:58)SAY: monkey (7)/ : *drool
(18:22:58)SAY: monkey (851)/ : *giggle
(18:23:01)SAY: monkey (333)/ : *twitch
(18:23:01)SAY: monkey (191)/ : *scream
(18:23:05)SAY: monkey (909)/ : *giggle
(18:23:05)SAY: monkey (7)/ : *giggle
(18:23:08)SAY: monkey (191)/ : *twitch
(18:23:08)SAY: monkey (911)/ : *drool
(18:23:14)SAY: monkey (911)/ : *giggle
(18:23:17)SAY: monkey (191)/ : *twitch
(18:23:17)SAY: monkey (655)/ : *twitch
(18:23:17)SAY: monkey (787)/ : *twitch
(18:23:17)SAY: monkey (77)/ : *cough
(18:23:17)SAY: monkey (77)/ : *scream
(18:23:17)SAY: monkey (911)/ : *drool
(18:23:20)SAY: monkey (77)/ : *scream
(18:23:23)SAY: monkey (191)/ : *twitch
(18:23:23)SAY: monkey (911)/ : *giggle
(18:23:26)SAY: monkey (77)/ : *scream
(18:23:32)SAY: monkey (333)/ : *cough
(18:23:44)SAY: monkey (191)/ : *scream
(18:23:44)SAY: monkey (655)/ : *cough
(18:23:44)SAY: monkey (7)/ : *drool
(18:23:47)SAY: monkey (333)/ : *scream
(18:23:47)SAY: monkey (191)/ : *twitch
(18:23:47)SAY: monkey (191)/ : *cough
(18:23:50)SAY: monkey (191)/ : *cough
(18:23:50)SAY: monkey (787)/ : *cough
(18:23:50)SAY: monkey (754)/ : *drool
(18:23:53)SAY: monkey (191)/ : *scream
(18:23:53)SAY: monkey (655)/ : *twitch
(18:23:53)SAY: monkey (909)/ : *giggle
(18:23:56)SAY: monkey (333)/ : *cough
(18:23:56)SAY: monkey (810)/ : *scream
(18:23:59)SAY: monkey (655)/ : *groan
(18:24:02)SAY: monkey (333)/ : *cough
(18:24:02)SAY: monkey (191)/ : *scream
(18:24:02)SAY: monkey (655)/ : *groan
(18:24:02)SAY: monkey (787)/ : *twitch
(18:24:06)SAY: monkey (191)/ : *groan
(18:24:06)SAY: monkey (191)/ : *scream
(18:24:06)SAY: monkey (810)/ : *scream
(18:24:09)SAY: monkey (191)/ : *scream
(18:24:12)SAY: monkey (77)/ : *groan
(18:24:15)SAY: monkey (333)/ : *scream
(18:24:15)SAY: monkey (7)/ : *giggle
(18:24:18)SAY: monkey (787)/ : *groan
(18:24:18)SAY: monkey (851)/ : *drool
(18:24:21)SAY: monkey (333)/ : *twitch
(18:24:21)SAY: monkey (787)/ : *cough
(18:24:24)SAY: monkey (333)/ : *scream
(18:24:24)SAY: monkey (810)/ : *cough
(18:24:27)SAY: monkey (191)/ : *cough
(18:24:27)SAY: monkey (911)/ : *giggle
(18:24:30)SAY: monkey (810)/ : *twitch
(18:24:30)SAY: monkey (810)/ : *cough
(18:24:30)SAY: monkey (787)/ : *twitch
(18:24:33)SAY: monkey (77)/ : *scream
(18:24:36)SAY: monkey (77)/ : *twitch
(18:24:36)SAY: monkey (851)/ : *giggle
(18:24:39)SAY: monkey (911)/ : *giggle
(18:24:42)SAY: monkey (851)/ : *giggle
(18:24:46)SAY: monkey (77)/ : *scream
(18:24:52)SAY: monkey (77)/ : *cough
(18:24:54)SAY: monkey (191)/ : *cough
(18:24:57)SAY: monkey (787)/ : *cough
(18:25:01)SAY: monkey (810)/ : *scream
(18:25:01)SAY: monkey (787)/ : *cough
(18:25:07)SAY: monkey (754)/ : *giggle
(18:25:10)SAY: monkey (911)/ : *giggle
(18:25:10)SAY: monkey (851)/ : *drool
(18:25:13)SAY: monkey (810)/ : *scream
(18:25:17)SAY: monkey (333)/ : *twitch
(18:25:17)SAY: monkey (7)/ : *giggle
(18:25:23)SAY: monkey (77)/ : *cough
(18:25:23)SAY: monkey (911)/ : *drool
(18:25:26)SAY: monkey (333)/ : *scream
(18:25:29)SAY: monkey (787)/ : *cough
(18:25:29)SAY: monkey (77)/ : *cough
(18:25:29)SAY: monkey (851)/ : *drool
(18:25:29)SAY: monkey (851)/ : *giggle
(18:25:32)SAY: monkey (333)/ : *scream
(18:25:32)SAY: monkey (655)/ : *cough
(18:25:35)SAY: monkey (191)/ : *twitch
(18:25:35)SAY: monkey (191)/ : *groan
(18:25:38)SAY: monkey (191)/ : *cough
(18:25:38)SAY: monkey (810)/ : *scream
(18:25:38)SAY: monkey (787)/ : *twitch
(18:25:41)SAY: monkey (191)/ : *scream
(18:25:44)SAY: monkey (191)/ : *cough
(18:25:44)SAY: monkey (655)/ : *twitch
(18:25:44)SAY: monkey (754)/ : *drool
(18:25:44)SAY: monkey (851)/ : *drool
(18:25:53)SAY: monkey (810)/ : *twitch
(18:25:56)SAY: monkey (191)/ : *scream
(18:25:56)SAY: monkey (911)/ : *drool
(18:25:59)SAY: monkey (810)/ : *cough
(18:26:03)SAY: monkey (333)/ : *cough
(18:26:12)SAY: monkey (7)/ : *giggle
(18:26:15)SAY: monkey (333)/ : *scream
(18:26:15)SAY: monkey (810)/ : *scream
(18:26:15)SAY: monkey (851)/ : *drool
(18:26:26)SAY: monkey (810)/ : *scream
(18:26:26)SAY: monkey (787)/ : *cough
(18:26:30)SAY: monkey (655)/ : *cough
(18:26:30)SAY: monkey (655)/ : *scream
(18:26:30)SAY: monkey (77)/ : *twitch
(18:26:33)SAY: monkey (191)/ : *cough
(18:26:33)SAY: monkey (851)/ : *giggle
(18:26:40)SAY: monkey (909)/ : *giggle
(18:26:43)SAY: monkey (191)/ : *scream
(18:26:43)SAY: monkey (7)/ : *drool
(18:26:46)SAY: monkey (655)/ : *twitch
(18:26:46)SAY: monkey (810)/ : *scream
(18:26:49)SAY: monkey (191)/ : *cough
(18:26:49)SAY: monkey (810)/ : *scream
(18:26:53)SAY: monkey (77)/ : *scream
(18:26:55)SAY: monkey (655)/ : *twitch
(18:26:55)SAY: monkey (810)/ : *scream
(18:26:55)SAY: monkey (787)/ : *twitch
(18:26:55)SAY: monkey (754)/ : *drool
(18:27:02)SAY: monkey (191)/ : *scream
(18:27:05)SAY: monkey (655)/ : *scream
(18:27:08)SAY: monkey (655)/ : *twitch
(18:27:11)SAY: monkey (787)/ : *cough
(18:27:11)SAY: monkey (7)/ : *giggle
(18:27:14)SAY: monkey (191)/ : *twitch
(18:27:14)SAY: monkey (655)/ : *twitch
(18:27:18)SAY: monkey (909)/ : *giggle
(18:27:21)SAY: monkey (787)/ : *twitch
(18:27:27)SAY: monkey (191)/ : *scream
(18:27:27)SAY: monkey (655)/ : *cough
(18:27:27)SAY: monkey (655)/ : *scream
(18:27:34)SAY: monkey (754)/ : *drool
(18:27:34)SAY: monkey (7)/ : *drool
(18:27:37)SAY: monkey (655)/ : *twitch
(18:27:37)SAY: monkey (655)/ : *scream
(18:27:37)SAY: monkey (77)/ : *cough
(18:27:40)SAY: monkey (77)/ : *twitch
(18:27:43)SAY: monkey (787)/ : *scream
(18:27:46)SAY: monkey (333)/ : *groan
(18:27:53)SAY: monkey (191)/ : *scream
(18:27:53)SAY: monkey (810)/ : *scream
(18:27:56)SAY: monkey (909)/ : *giggle
(18:27:59)SAY: monkey (655)/ : *groan
(18:28:03)SAY: monkey (191)/ : *twitch
(18:28:03)SAY: monkey (787)/ : *twitch
(18:28:06)SAY: monkey (333)/ : *scream
(18:28:09)SAY: monkey (77)/ : *scream
(18:28:12)SAY: monkey (754)/ : *giggle
(18:28:22)SAY: monkey (333)/ : *twitch
(18:28:22)SAY: monkey (810)/ : *cough
(18:28:25)SAY: monkey (191)/ : *scream
(18:28:25)SAY: monkey (787)/ : *twitch
(18:28:31)SAY: monkey (333)/ : *cough
(18:28:31)SAY: monkey (655)/ : *twitch
(18:28:37)SAY: monkey (191)/ : *cough
(18:28:41)SAY: monkey (7)/ : *giggle
(18:28:44)SAY: monkey (191)/ : *cough
(18:28:44)SAY: monkey (655)/ : *scream
(18:28:44)SAY: monkey (754)/ : *giggle
(18:28:47)SAY: monkey (333)/ : *groan
(18:28:47)SAY: monkey (333)/ : *scream
(18:28:47)SAY: monkey (7)/ : *giggle
(18:28:50)SAY: monkey (191)/ : *scream
(18:28:50)SAY: monkey (7)/ : *giggle
(18:28:53)SAY: monkey (787)/ : *cough
(18:28:53)SAY: monkey (911)/ : *giggle
(18:28:56)SAY: monkey (909)/ : *drool
(18:28:56)SAY: monkey (851)/ : *drool
(18:29:05)SAY: monkey (191)/ : *cough
(18:29:05)SAY: monkey (851)/ : *giggle
(18:29:08)SAY: monkey (810)/ : *scream
(18:29:08)SAY: monkey (77)/ : *cough
(18:29:12)SAY: monkey (754)/ : *giggle
(18:29:15)SAY: monkey (810)/ : *twitch
(18:29:15)SAY: monkey (810)/ : *scream
(18:29:18)SAY: monkey (810)/ : *scream
(18:29:27)SAY: monkey (909)/ : *giggle
(18:29:30)SAY: monkey (333)/ : *groan
(18:29:30)SAY: monkey (77)/ : *twitch
(18:29:34)SAY: monkey (191)/ : *groan
(18:29:34)SAY: monkey (787)/ : *cough
(18:29:34)SAY: monkey (77)/ : *groan
(18:29:44)SAY: monkey (77)/ : *twitch
(18:29:46)SAY: monkey (191)/ : *scream
(18:29:47)SAY: monkey (810)/ : *twitch
(18:29:50)SAY: monkey (909)/ : *giggle
(18:29:50)SAY: monkey (851)/ : *drool
(18:29:53)SAY: monkey (77)/ : *twitch
(18:30:02)SAY: monkey (191)/ : *twitch
(18:30:02)SAY: monkey (77)/ : *twitch
(18:30:02)SAY: monkey (7)/ : *giggle
(18:30:05)SAY: monkey (77)/ : *scream
(18:30:06)SAY: monkey (754)/ : *giggle
(18:30:09)SAY: monkey (77)/ : *cough
(18:30:09)SAY: monkey (851)/ : *giggle
(18:30:19)SAY: monkey (909)/ : *drool
(18:30:22)SAY: monkey (810)/ : *scream
(18:30:22)SAY: monkey (787)/ : *twitch
(18:30:22)SAY: monkey (787)/ : *scream
(18:30:28)SAY: monkey (909)/ : *giggle
(18:30:34)SAY: monkey (333)/ : *scream
(18:30:34)SAY: monkey (851)/ : *giggle
(18:30:40)SAY: monkey (810)/ : *cough
(18:30:46)SAY: monkey (333)/ : *cough
(18:30:46)SAY: monkey (787)/ : *scream
(18:30:46)SAY: monkey (911)/ : *drool
(18:30:50)SAY: monkey (333)/ : *cough
(18:30:50)SAY: monkey (655)/ : *scream
(18:30:53)SAY: monkey (909)/ : *drool
(18:30:56)SAY: monkey (333)/ : *scream
(18:30:56)SAY: monkey (810)/ : *cough
(18:31:02)SAY: monkey (191)/ : *cough
(18:31:05)SAY: monkey (333)/ : *twitch
(18:31:05)SAY: monkey (191)/ : *scream
(18:31:05)SAY: monkey (909)/ : *giggle
(18:31:08)SAY: monkey (77)/ : *scream
(18:31:14)SAY: monkey (911)/ : *giggle
(18:31:18)SAY: monkey (333)/ : *scream
(18:31:18)SAY: monkey (787)/ : *twitch
(18:31:24)SAY: monkey (191)/ : *twitch
(18:31:24)SAY: monkey (191)/ : *cough
(18:31:24)SAY: monkey (191)/ : *scream
(18:31:27)SAY: monkey (911)/ : *giggle
(18:31:30)SAY: monkey (810)/ : *twitch
(18:31:33)SAY: monkey (77)/ : *groan
(18:31:33)SAY: monkey (851)/ : *giggle
(18:31:36)SAY: monkey (655)/ : *cough
(18:31:36)SAY: monkey (7)/ : *drool
(18:31:39)SAY: monkey (787)/ : *twitch
(18:31:39)SAY: monkey (911)/ : *giggle
(18:31:45)SAY: monkey (191)/ : *scream
(18:31:45)SAY: monkey (787)/ : *cough
(18:31:48)SAY: monkey (655)/ : *scream
(18:31:51)SAY: monkey (655)/ : *twitch
(18:31:51)SAY: monkey (909)/ : *drool
(18:31:57)SAY: monkey (333)/ : *twitch
(18:32:00)SAY: monkey (655)/ : *cough
(18:32:00)SAY: monkey (77)/ : *twitch
(18:32:03)SAY: monkey (754)/ : *drool
(18:32:09)SAY: monkey (655)/ : *cough
(18:32:09)SAY: monkey (655)/ : *scream
(18:32:09)SAY: monkey (77)/ : *twitch
(18:32:15)SAY: monkey (333)/ : *cough
(18:32:19)SAY: monkey (810)/ : *cough
(18:32:19)SAY: monkey (851)/ : *drool
(18:32:22)SAY: monkey (333)/ : *scream
(18:32:22)SAY: monkey (77)/ : *twitch
(18:32:22)SAY: monkey (909)/ : *drool
(18:32:25)SAY: monkey (333)/ : *cough
(18:32:25)SAY: monkey (911)/ : *drool
(18:32:28)SAY: monkey (810)/ : *cough
(18:32:31)SAY: monkey (655)/ : *twitch
(18:32:31)SAY: monkey (810)/ : *cough
(18:32:31)SAY: monkey (77)/ : *cough
(18:32:40)SAY: monkey (911)/ : *giggle
(18:32:43)SAY: monkey (655)/ : *twitch
(18:32:43)SAY: monkey (754)/ : *giggle
(18:32:49)SAY: monkey (655)/ : *twitch
(18:32:59)SAY: monkey (787)/ : *twitch
(18:33:05)SAY: monkey (333)/ : *scream
(18:33:05)SAY: monkey (787)/ : *scream
(18:33:08)SAY: monkey (191)/ : *twitch
(18:33:11)SAY: monkey (787)/ : *twitch
(18:33:20)SAY: monkey (333)/ : *scream
(18:33:20)SAY: monkey (911)/ : *giggle
(18:33:20)SAY: monkey (909)/ : *giggle
(18:33:23)SAY: monkey (655)/ : *cough
(18:33:23)SAY: monkey (787)/ : *cough
(18:33:23)SAY: monkey (911)/ : *drool
(18:33:23)SAY: monkey (7)/ : *giggle
(18:33:26)SAY: monkey (191)/ : *cough
(18:33:26)SAY: monkey (810)/ : *cough
(18:33:26)SAY: monkey (77)/ : *cough
(18:33:29)SAY: monkey (810)/ : *scream
(18:33:29)SAY: monkey (7)/ : *giggle
(18:33:32)SAY: monkey (191)/ : *scream
(18:33:32)SAY: monkey (810)/ : *groan
(18:33:32)SAY: monkey (77)/ : *groan
(18:33:32)SAY: monkey (911)/ : *drool
(18:33:42)SAY: monkey (333)/ : *groan
(18:33:45)SAY: monkey (810)/ : *twitch
(18:33:45)SAY: monkey (77)/ : *twitch
(18:33:45)SAY: monkey (851)/ : *giggle
(18:33:48)SAY: monkey (191)/ : *twitch
(18:33:52)SAY: monkey (787)/ : *scream
(18:33:54)SAY: monkey (787)/ : *scream
(18:33:54)SAY: monkey (77)/ : *twitch
(18:33:58)SAY: monkey (333)/ : *cough
(18:34:04)SAY: monkey (810)/ : *twitch
(18:34:04)SAY: monkey (77)/ : *twitch
(18:34:16)SAY: monkey (655)/ : *twitch
(18:34:16)SAY: monkey (810)/ : *cough
(18:34:28)SAY: monkey (655)/ : *cough
(18:34:28)SAY: monkey (787)/ : *scream
(18:34:28)SAY: monkey (754)/ : *giggle
(18:34:31)SAY: monkey (655)/ : *scream
(18:34:31)SAY: monkey (810)/ : *scream
(18:34:31)SAY: monkey (787)/ : *cough
(18:34:31)SAY: monkey (7)/ : *giggle
(18:34:34)SAY: monkey (333)/ : *cough
(18:34:34)SAY: monkey (810)/ : *cough
(18:34:34)SAY: monkey (77)/ : *cough
(18:34:34)SAY: monkey (754)/ : *drool
(18:34:37)SAY: monkey (810)/ : *twitch
(18:34:40)SAY: monkey (655)/ : *scream
(18:34:40)SAY: monkey (7)/ : *drool
(18:34:43)SAY: monkey (911)/ : *drool
(18:34:52)SAY: monkey (655)/ : *scream
(18:34:52)SAY: monkey (810)/ : *scream
(18:34:52)SAY: monkey (787)/ : *scream
(18:34:52)SAY: monkey (7)/ : *drool
(18:34:55)SAY: monkey (909)/ : *drool
(18:35:01)SAY: monkey (810)/ : *scream
(18:35:01)SAY: monkey (7)/ : *drool
(18:35:04)SAY: monkey (787)/ : *cough
(18:35:04)SAY: monkey (77)/ : *scream
(18:35:07)SAY: monkey (655)/ : *cough
(18:35:07)SAY: monkey (787)/ : *twitch
(18:35:10)SAY: monkey (191)/ : *cough
(18:35:10)SAY: monkey (787)/ : *scream
(18:35:13)SAY: monkey (810)/ : *twitch
(18:35:13)SAY: monkey (787)/ : *cough
(18:35:13)SAY: monkey (7)/ : *giggle
(18:35:15)SAY: monkey (333)/ : *scream
(18:35:16)SAY: monkey (7)/ : *giggle
(18:35:22)SAY: monkey (787)/ : *twitch
(18:35:22)SAY: monkey (851)/ : *giggle
(18:35:28)SAY: monkey (333)/ : *scream
(18:35:28)SAY: monkey (77)/ : *cough
(18:35:28)SAY: monkey (851)/ : *giggle
(18:35:30)SAY: monkey (7)/ : *giggle
(18:35:37)SAY: monkey (333)/ : *twitch
(18:35:37)SAY: monkey (787)/ : *twitch
(18:35:37)SAY: monkey (911)/ : *drool
(18:35:40)SAY: monkey (7)/ : *drool
(18:35:45)SAY: monkey (191)/ : *cough
(18:35:45)SAY: monkey (851)/ : *giggle
(18:35:48)SAY: monkey (191)/ : *cough
(18:35:48)SAY: monkey (810)/ : *groan
(18:35:51)SAY: monkey (851)/ : *drool
(18:35:54)SAY: monkey (333)/ : *scream
(18:35:54)SAY: monkey (191)/ : *scream
(18:35:54)SAY: monkey (810)/ : *scream
(18:35:57)SAY: monkey (810)/ : *scream
(18:36:00)SAY: monkey (191)/ : *cough
(18:36:04)SAY: monkey (909)/ : *drool
(18:36:04)SAY: monkey (909)/ : *giggle
(18:36:07)SAY: monkey (909)/ : *drool
(18:36:07)SAY: monkey (851)/ : *giggle
(18:36:12)SAY: monkey (333)/ : *scream
(18:36:13)SAY: monkey (655)/ : *twitch
(18:36:13)SAY: monkey (810)/ : *twitch
(18:36:16)SAY: monkey (851)/ : *drool
(18:36:22)SAY: monkey (655)/ : *cough
(18:36:22)SAY: monkey (787)/ : *cough
(18:36:22)SAY: monkey (851)/ : *giggle
(18:36:25)SAY: monkey (810)/ : *twitch
(18:36:28)SAY: monkey (333)/ : *cough
(18:36:31)SAY: monkey (333)/ : *scream
(18:36:31)SAY: monkey (787)/ : *cough
(18:36:31)SAY: monkey (77)/ : *scream
(18:36:35)SAY: monkey (333)/ : *cough
(18:36:38)SAY: monkey (787)/ : *cough
(18:36:41)SAY: monkey (191)/ : *cough
(18:36:41)SAY: monkey (851)/ : *drool
(18:36:44)SAY: monkey (810)/ : *twitch
(18:36:47)SAY: monkey (7)/ : *drool
(18:36:50)SAY: monkey (191)/ : *scream
(18:36:56)SAY: monkey (191)/ : *scream
(18:36:56)SAY: monkey (909)/ : *giggle
(18:36:59)SAY: monkey (191)/ : *twitch
(18:36:59)SAY: monkey (655)/ : *twitch
(18:37:05)SAY: monkey (191)/ : *cough
(18:37:08)SAY: monkey (787)/ : *twitch
(18:37:11)SAY: monkey (191)/ : *scream
(18:37:12)SAY: monkey (7)/ : *drool
(18:37:12)SAY: monkey (851)/ : *drool
(18:37:14)SAY: monkey (333)/ : *groan
(18:37:17)SAY: monkey (655)/ : *cough
(18:37:20)SAY: monkey (333)/ : *cough
(18:37:20)SAY: monkey (333)/ : *scream
(18:37:20)SAY: monkey (787)/ : *twitch
(18:37:23)SAY: monkey (787)/ : *cough
(18:37:23)SAY: monkey (754)/ : *giggle
(18:37:23)SAY: monkey (851)/ : *drool
(18:37:26)SAY: monkey (333)/ : *twitch
(18:37:30)SAY: monkey (810)/ : *groan
(18:37:30)SAY: monkey (810)/ : *scream
(18:37:30)SAY: monkey (787)/ : *cough
(18:37:30)SAY: monkey (77)/ : *cough
(18:37:36)SAY: monkey (77)/ : *cough
(18:37:36)SAY: monkey (851)/ : *drool
(18:37:48)SAY: monkey (787)/ : *twitch
(18:37:54)SAY: monkey (191)/ : *groan
(18:37:54)SAY: monkey (754)/ : *drool
(18:37:54)SAY: monkey (7)/ : *giggle
(18:37:57)SAY: monkey (77)/ : *scream
(18:37:57)SAY: monkey (754)/ : *giggle
(18:38:00)SAY: monkey (754)/ : *giggle
(18:38:03)SAY: monkey (810)/ : *twitch
(18:38:06)SAY: monkey (909)/ : *drool
(18:38:09)SAY: monkey (191)/ : *scream
(18:38:19)SAY: monkey (191)/ : *twitch
(18:38:19)SAY: monkey (810)/ : *twitch
(18:38:19)SAY: monkey (787)/ : *twitch
(18:38:22)SAY: monkey (77)/ : *cough
(18:38:22)SAY: monkey (77)/ : *groan
(18:38:22)SAY: monkey (7)/ : *giggle
(18:38:25)SAY: monkey (909)/ : *giggle
(18:38:31)SAY: monkey (191)/ : *scream
(18:38:31)SAY: monkey (787)/ : *scream
(18:38:37)SAY: monkey (77)/ : *cough
(18:38:37)SAY: monkey (909)/ : *drool
(18:38:37)SAY: monkey (909)/ : *giggle
(18:38:41)SAY: monkey (787)/ : *cough
(18:38:48)SAY: monkey (77)/ : *cough
(18:38:48)SAY: monkey (77)/ : *scream
(18:38:51)SAY: monkey (191)/ : *scream
(18:38:51)SAY: monkey (77)/ : *scream
(18:38:54)SAY: monkey (810)/ : *twitch
(18:38:54)SAY: monkey (754)/ : *giggle
(18:38:57)SAY: monkey (77)/ : *groan
(18:39:00)SAY: monkey (191)/ : *cough
(18:39:00)SAY: monkey (7)/ : *drool
(18:39:00)SAY: monkey (851)/ : *drool
(18:39:06)SAY: monkey (191)/ : *twitch
(18:39:06)SAY: monkey (655)/ : *scream
(18:39:10)SAY: monkey (787)/ : *twitch
(18:39:13)SAY: monkey (810)/ : *twitch
(18:39:16)SAY: monkey (810)/ : *cough
(18:39:19)SAY: monkey (77)/ : *scream
(18:39:19)SAY: monkey (7)/ : *giggle
(18:39:32)SAY: monkey (77)/ : *scream
(18:39:32)SAY: monkey (7)/ : *giggle
(18:39:32)SAY: monkey (851)/ : *drool
(18:39:37)SAY: monkey (655)/ : *twitch
(18:39:37)SAY: monkey (77)/ : *cough
(18:39:37)SAY: monkey (851)/ : *giggle
(18:39:44)SAY: monkey (191)/ : *cough
(18:39:44)SAY: monkey (810)/ : *scream
(18:39:44)SAY: monkey (787)/ : *twitch
(18:39:44)SAY: monkey (909)/ : *giggle
(18:39:50)SAY: monkey (787)/ : *twitch
(18:39:50)SAY: monkey (909)/ : *giggle
(18:39:53)SAY: monkey (191)/ : *cough
(18:39:56)SAY: monkey (7)/ : *giggle
(18:39:59)SAY: monkey (810)/ : *cough
(18:39:59)SAY: monkey (909)/ : *drool
(18:39:59)SAY: monkey (754)/ : *giggle
(18:40:20)SAY: monkey (191)/ : *scream
(18:40:20)SAY: monkey (787)/ : *scream
(18:40:23)SAY: monkey (810)/ : *scream
(18:40:24)SAY: monkey (754)/ : *giggle
(18:40:26)SAY: monkey (77)/ : *twitch
(18:40:30)SAY: monkey (787)/ : *scream
(18:40:38)SAY: monkey (191)/ : *twitch
(18:40:38)SAY: monkey (191)/ : *groan
(18:40:44)SAY: monkey (191)/ : *scream
(18:40:47)SAY: monkey (191)/ : *twitch
(18:40:47)SAY: monkey (191)/ : *groan
(18:40:47)SAY: monkey (810)/ : *cough
(18:40:50)SAY: monkey (77)/ : *twitch
(18:40:50)SAY: monkey (77)/ : *scream
(18:40:53)SAY: monkey (810)/ : *cough
(18:40:59)SAY: monkey (77)/ : *scream
(18:41:08)SAY: monkey (77)/ : *scream
(18:41:11)SAY: monkey (191)/ : *cough
(18:41:14)SAY: monkey (191)/ : *cough
(18:41:14)SAY: monkey (754)/ : *drool
(18:41:17)SAY: monkey (787)/ : *twitch
(18:41:20)SAY: monkey (191)/ : *twitch
(18:41:20)SAY: monkey (191)/ : *scream
(18:41:20)SAY: monkey (787)/ : *scream
(18:41:26)SAY: monkey (191)/ : *scream
(18:41:26)SAY: monkey (754)/ : *giggle
(18:41:29)SAY: monkey (810)/ : *cough
(18:41:29)SAY: monkey (77)/ : *cough
(18:41:32)SAY: monkey (191)/ : *cough
(18:41:35)SAY: monkey (810)/ : *twitch
(18:41:35)SAY: monkey (810)/ : *cough
(18:41:38)SAY: monkey (191)/ : *scream
(18:41:38)SAY: monkey (77)/ : *groan
(18:41:48)SAY: monkey (787)/ : *scream
(18:41:50)SAY: monkey (191)/ : *twitch
(18:41:54)SAY: monkey (77)/ : *cough
(18:41:57)SAY: monkey (191)/ : *cough
(18:42:03)SAY: monkey (810)/ : *cough
(18:42:06)SAY: monkey (787)/ : *scream
(18:42:18)SAY: monkey (810)/ : *cough
(18:42:18)SAY: monkey (77)/ : *cough
(18:42:21)SAY: monkey (810)/ : *scream
(18:42:22)SAY: monkey (754)/ : *drool
(18:42:24)SAY: monkey (787)/ : *twitch
(18:42:24)SAY: monkey (787)/ : *cough
(18:42:31)SAY: monkey (787)/ : *cough
(18:42:43)SAY: monkey (787)/ : *groan
(18:42:46)SAY: monkey (754)/ : *giggle
(18:42:49)SAY: monkey (77)/ : *scream
(18:42:52)SAY: monkey (77)/ : *cough
(18:42:55)SAY: monkey (77)/ : *scream
(18:43:01)SAY: monkey (754)/ : *giggle
(18:43:14)SAY: monkey (810)/ : *scream
(18:43:17)SAY: monkey (810)/ : *twitch
(18:43:29)SAY: monkey (754)/ : *giggle
(18:43:43)SAY: monkey (787)/ : *cough
(18:44:08)SAY: monkey (754)/ : *giggle
(18:44:30)SAY: monkey (787)/ : *scream
(18:44:36)SAY: monkey (754)/ : *giggle
(18:46:16)SAY: monkey (787)/ : *cough
(18:46:34)SAY: monkey (787)/ : *scream
(18:46:37)SAY: monkey (787)/ : *scream
(18:46:40)SAY: monkey (787)/ : *scream
(18:47:01)SAY: monkey (787)/ : *cough
(18:47:16)SAY: monkey (787)/ : *scream
(18:47:19)SAY: monkey (787)/ : *twitch
(18:47:52)SAY: monkey (787)/ : *cough
(19:10:41)ACCESS: Logout: Tastyfish/(Oddum Lever)
