

Starting up. 01:09.18
---------------------

Saved mode is 'extended'
ADMIN: tastyfish = Super Administrator
(01:09:45)ACCESS: Login: Tastyfish/(Tastyfish) from 127.0.0.1
(01:10:20)ADMIN: Tastyfish has started the game.
(01:10:20)ACCESS: Logout: *no client*/(Tastyfish)
(01:10:20)ACCESS: Login: Tastyfish/(Uvash Murdered) from 127.0.0.1
(01:10:31)ADMIN: Tastyfish/(Uvash Murdered) is attempting to alienize Tastyfish.
(01:10:32)ACCESS: Logout: *no client*/(Uvash Murdered)
(01:10:32)ACCESS: Login: Tastyfish/(alien (579)) from 127.0.0.1
(01:13:48)ADMIN: Tastyfish/(alien (579)) created a /obj/machinery/computer/counselor
(01:14:16)ADMIN: Tastyfish/(alien (579)) has created a command report: welp
(01:14:24)ACCESS: Logout: *no client*/(alien (579))
(01:14:24)ACCESS: Login: Tastyfish/(sdf) from 127.0.0.1
(01:14:36)ADMIN: Tastyfish/(sdf) jumped to Vessel Services Hallway
(01:14:48)ADMIN: Tastyfish/(sdf) healed / revived *no client*/(alien (579))
(01:14:52)ADMIN: Tastyfish/(sdf) healed / revived Tastyfish/(sdf)
(01:15:04)ADMIN: Tastyfish/(sdf) jumped to Engine SMES Room
(01:15:08)ADMIN: Tastyfish/(sdf) jumped to Engine Combustion Chamber
(01:15:12)ADMIN: Tastyfish/(sdf) jumped to Engine Storage
(01:15:40)ADMIN: Tastyfish/(sdf) has used boom boom boom shake the room
(01:17:26)ADMIN: Tastyfish/(sdf) created a /obj/machinery/computer/counselor
(01:19:35)ADMIN: Tastyfish/(sdf) healed / Rrvived Tastyfish/(sdf)
(01:20:45)ACCESS: Logout: Tastyfish/(sdf)


Starting up. 01:21.43
---------------------

Saved mode is 'extended'
ADMIN: tastyfish = Super Administrator
(01:21:50)ACCESS: Login: Tastyfish/(Tastyfish) from 127.0.0.1
(01:22:20)ADMIN: Tastyfish has started the game.
(01:22:21)ACCESS: Logout: *no client*/(Tastyfish)
(01:22:21)ACCESS: Login: Tastyfish/(Nomal Cabinet) from 127.0.0.1
(01:22:50)ADMIN: Tastyfish/(Nomal Cabinet) jumped to Engineering Deck Fore Maintenance
(01:23:39)ADMIN: Tastyfish/(Nomal Cabinet) created a /obj/machinery/computer/counselor
(01:26:26)ACCESS: Logout: Tastyfish/(Nomal Cabinet)


Starting up. 01:28.03
---------------------

Saved mode is 'extended'
ADMIN: tastyfish = Super Administrator
(01:28:25)ACCESS: Login: Tastyfish/(Tastyfish) from 127.0.0.1
(01:28:34)ADMIN: Tastyfish has started the game.
(01:28:35)ACCESS: Logout: *no client*/(Tastyfish)
(01:28:35)ACCESS: Login: Tastyfish/(Ingiz Stop) from 127.0.0.1
(01:29:05)ADMIN: Tastyfish/(Ingiz Stop) created a /obj/machinery/computer/counselor
(01:33:08)ACCESS: Logout: Tastyfish/(Ingiz Stop)


Starting up. 01:33.58
---------------------

Saved mode is 'extended'
ADMIN: tastyfish = Super Administrator
(01:34:30)ACCESS: Login: Tastyfish/(Tastyfish) from 127.0.0.1
(01:34:39)ADMIN: Tastyfish has started the game.
(01:34:39)ACCESS: Logout: *no client*/(Tastyfish)
(01:34:39)ACCESS: Login: Tastyfish/(Shorast Booze) from 127.0.0.1
(01:34:51)ADMIN: Tastyfish/(Shorast Booze) created a /obj/machinery/computer/counselor
(01:35:17)ACCESS: Logout: Tastyfish/(Shorast Booze)


Starting up. 01:36.10
---------------------

Saved mode is 'extended'
ADMIN: tastyfish = Super Administrator
(01:36:20)ACCESS: Login: Tastyfish/(Tastyfish) from 127.0.0.1
(01:36:33)ADMIN: Tastyfish has started the game.
(01:36:33)ACCESS: Logout: *no client*/(Tastyfish)
(01:36:33)ACCESS: Login: Tastyfish/(Kumil Block) from 127.0.0.1
(01:36:47)ADMIN: Tastyfish/(Kumil Block) created a /obj/machinery/computer/counselor
(01:36:59)SAY: monkey (165)/ : *twitch
(01:37:15)SAY: monkey (165)/ : *twitch
(01:37:32)ACCESS: Logout: Tastyfish/(Kumil Block)


Starting up. 01:38.18
---------------------

Saved mode is 'extended'
ADMIN: tastyfish = Super Administrator
(01:38:29)ACCESS: Login: Tastyfish/(Tastyfish) from 127.0.0.1
(01:38:41)ADMIN: Tastyfish has started the game.
(01:38:42)ACCESS: Logout: *no client*/(Tastyfish)
(01:38:42)ACCESS: Login: Tastyfish/(Nil Time) from 127.0.0.1
(01:38:54)ADMIN: Tastyfish/(Nil Time) created a /obj/machinery/computer/counselor
(01:39:36)SAY: monkey (381)/ : *sneeze
(01:39:46)SAY: monkey (381)/ : *sneeze
(01:40:35)SAY: monkey (929)/ : *sneeze
(01:41:15)SAY: monkey (381)/ : *sneeze
(01:41:34)SAY: monkey (929)/ : *sneeze
(01:43:29)SAY: monkey (929)/ : *shiver
(01:43:44)SAY: monkey (966)/ : *sneeze
(01:43:52)SAY: monkey (929)/ : *shiver
(01:44:07)SAY: monkey (929)/ : *shiver
(01:44:37)SAY: monkey (929)/ : *sneeze
(01:44:40)SAY: monkey (381)/ : *sneeze
(01:44:57)SAY: monkey (381)/ : *shiver
(01:45:39)SAY: monkey (929)/ : *shiver
(01:45:52)SAY: monkey (929)/ : *sneeze
(01:45:52)SAY: monkey (315)/ : *shiver
(01:46:09)SAY: monkey (381)/ : *shiver
(01:46:19)SAY: monkey (381)/ : *sneeze
(01:46:31)SAY: monkey (381)/ : *shiver
(01:46:51)SAY: monkey (13)/ : *shiver
(01:47:01)SAY: monkey (589)/ : *sneeze
(01:47:11)SAY: monkey (966)/ : *shiver
(01:47:31)SAY: monkey (381)/ : *shiver
(01:47:34)SAY: monkey (929)/ : *shiver
(01:47:53)SAY: monkey (13)/ : *shiver
(01:47:56)SAY: monkey (929)/ : *shiver
(01:48:11)SAY: monkey (315)/ : *shiver
(01:48:36)SAY: monkey (13)/ : *sneeze
(01:49:16)SAY: monkey (966)/ : *sneeze
(01:49:18)SAY: monkey (966)/ : *sneeze
(01:49:36)SAY: monkey (929)/ : *sneeze
(01:49:45)SAY: monkey (929)/ : *shiver
(01:50:08)SAY: monkey (589)/ : *shiver
(01:50:10)SAY: monkey (315)/ : *shiver
(01:50:18)SAY: monkey (13)/ : *shiver
(01:50:23)SAY: monkey (966)/ : *shiver
(01:50:25)SAY: monkey (966)/ : *sneeze
(01:50:45)SAY: monkey (929)/ : *sneeze
(01:50:48)SAY: monkey (966)/ : *shiver
(01:50:53)SAY: monkey (966)/ : *sneeze
(01:51:15)SAY: monkey (966)/ : *shiver
(01:51:30)SAY: monkey (13)/ : *sneeze
(01:51:32)SAY: monkey (966)/ : *shiver
(01:51:35)SAY: monkey (589)/ : *sneeze
(01:51:37)SAY: monkey (315)/ : *shiver
(01:51:50)SAY: monkey (966)/ : *shiver
(01:52:05)SAY: monkey (929)/ : *shiver
(01:52:07)SAY: monkey (966)/ : *shiver
(01:52:07)SAY: monkey (589)/ : *sneeze
(01:52:15)ACCESS: Logout: Tastyfish/(Nil Time)


Starting up. 04:33.45
---------------------

Saved mode is 'extended'
ADMIN: tastyfish = Super Administrator
(04:34:23)ACCESS: Login: Tastyfish/(Tastyfish) from 127.0.0.1
(04:34:37)ADMIN: Tastyfish has started the game.
(04:34:38)ACCESS: Logout: *no client*/(Tastyfish)
(04:34:38)ACCESS: Login: Tastyfish/(Geshud Time) from 127.0.0.1
(04:35:00)ADMIN: Tastyfish/(Geshud Time) created a /obj/machinery/computer/counselor
(04:38:47)ACCESS: Logout: Tastyfish/(Geshud Time)


Starting up. 04:41.07
---------------------

Saved mode is 'extended'
ADMIN: tastyfish = Super Administrator
(04:42:16)ACCESS: Login: Tastyfish/(Tastyfish) from 127.0.0.1
(04:42:40)ADMIN: Tastyfish has started the game.
(04:42:41)ACCESS: Logout: *no client*/(Tastyfish)
(04:42:41)ACCESS: Login: Tastyfish/(Shorast Axe) from 127.0.0.1
(04:43:42)ADMIN: Tastyfish/(Shorast Axe) created a /obj/machinery/computer/counselor
(04:45:15)ACCESS: Logout: Tastyfish/(Shorast Axe)


Starting up. 04:46.06
---------------------

Saved mode is 'extended'
ADMIN: tastyfish = Super Administrator
(04:46:06)ACCESS: Login: Tastyfish/(Tastyfish) from localhost
(04:46:28)ADMIN: Tastyfish has started the game.
(04:46:29)ACCESS: Logout: *no client*/(Tastyfish)
(04:46:29)ACCESS: Login: Tastyfish/(Tholig Vomit) from localhost
(04:46:49)ADMIN: Tastyfish/(Tholig Vomit) created a /obj/machinery/computer/counselor
(04:50:16)ACCESS: Logout: Tastyfish/(Tholig Vomit)


Starting up. 04:51.01
---------------------

Saved mode is 'extended'
ADMIN: tastyfish = Super Administrator
(04:51:01)ACCESS: Login: Tastyfish/(Tastyfish) from localhost
(04:51:16)ADMIN: Tastyfish has started the game.
(04:51:17)ACCESS: Logout: *no client*/(Tastyfish)
(04:51:17)ACCESS: Login: Tastyfish/(Minkot Stop) from localhost
(04:51:37)ADMIN: Tastyfish/(Minkot Stop) created a /obj/machinery/computer/counselor
(04:52:15)ACCESS: Logout: Tastyfish/(Minkot Stop)


Starting up. 04:53.48
---------------------

Saved mode is 'extended'
ADMIN: tastyfish = Super Administrator
(04:53:48)ACCESS: Login: Tastyfish/(Tastyfish) from localhost
(04:54:25)ADMIN: Tastyfish has started the game.
(04:54:25)ACCESS: Logout: *no client*/(Tastyfish)
(04:54:25)ACCESS: Login: Tastyfish/(Tirist Kobold) from localhost
(04:55:22)ADMIN: Tastyfish/(Tirist Kobold) created a /obj/machinery/computer/counselor
(04:55:47)SAY: monkey (749)/ : *sneeze
(04:56:12)SAY: monkey (748)/ : *sneeze
(04:57:07)SAY: monkey (643)/ : *sneeze
(04:57:17)SAY: monkey (643)/ : *sneeze
(04:57:57)SAY: monkey (831)/ : *drool
(04:59:15)SAY: monkey (9)/ : *drool
(04:59:25)SAY: monkey (448)/ : *cough
(04:59:40)SAY: monkey (448)/ : *cough
(05:00:08)SAY: monkey (122)/ : *sneeze
(05:00:08)SAY: monkey (448)/ : *cough
(05:00:14)SAY: monkey (749)/ : *cough
(05:00:14)SAY: monkey (748)/ : *cough
(05:00:19)SAY: monkey (448)/ : *drool
(05:00:29)SAY: monkey (559)/ : *sneeze
(05:00:36)SAY: monkey (831)/ : *cough
(05:00:39)SAY: monkey (122)/ : *sneeze
(05:00:56)SAY: monkey (748)/ : *cough
(05:00:56)SAY: monkey (122)/ : *cough
(05:00:56)SAY: monkey (834)/ : *cough
(05:01:04)SAY: monkey (9)/ : *drool
(05:01:16)SAY: monkey (559)/ : *cough
(05:01:21)SAY: monkey (831)/ : *cough
(05:01:21)SAY: monkey (834)/ : *cough
(05:01:26)SAY: monkey (831)/ : *cough
(05:01:31)SAY: monkey (748)/ : *cough
(05:01:34)SAY: monkey (122)/ : *cough
(05:01:36)SAY: monkey (749)/ : *cough
(05:01:39)SAY: monkey (831)/ : *cough
(05:01:39)ACCESS: Logout: Tastyfish/(Tirist Kobold)


Starting up. 05:02.23
---------------------

Saved mode is 'extended'
ADMIN: tastyfish = Super Administrator
(05:02:23)ACCESS: Login: Tastyfish/(Tastyfish) from localhost
(05:02:50)ADMIN: Tastyfish has started the game.
(05:02:50)ACCESS: Logout: *no client*/(Tastyfish)
(05:02:50)ACCESS: Login: Tastyfish/(Minkot Iron) from localhost
(05:03:33)SAY: monkey (231)/ : *twitch
(05:03:46)ADMIN: Tastyfish/(Minkot Iron) created a /obj/machinery/computer/counselor
(05:03:55)SAY: monkey (319)/ : *twitch
(05:04:32)SAY: monkey (319)/ : *twitch
(05:04:32)SAY: monkey (959)/ : *twitch
(05:05:05)SAY: monkey (893)/ : *twitch
(05:05:58)SAY: monkey (319)/ : *twitch
(05:06:10)SAY: monkey (319)/ : *twitch
(05:06:28)SAY: monkey (191)/ : *twitch
(05:06:48)SAY: monkey (862)/ : *twitch
(05:06:53)SAY: monkey (319)/ : *twitch
(05:07:04)SAY: monkey (231)/ : *twitch
(05:07:09)SAY: monkey (231)/ : *twitch
(05:07:09)SAY: monkey (893)/ : *twitch
(05:07:29)SAY: monkey (191)/ : *twitch
(05:07:29)SAY: monkey (319)/ : *twitch
(05:07:50)SAY: monkey (153)/ : *twitch
(05:07:52)SAY: monkey (131)/ : *twitch
(05:08:05)SAY: monkey (959)/ : *shiver
(05:08:13)SAY: monkey (874)/ : *twitch
(05:08:25)SAY: monkey (231)/ : *twitch
(05:08:41)SAY: monkey (231)/ : *twitch
(05:08:49)ACCESS: Logout: Tastyfish/(Minkot Iron)


Starting up. 05:09.12
---------------------

Saved mode is 'extended'
ADMIN: tastyfish = Super Administrator
(05:09:12)ACCESS: Login: Tastyfish/(Tastyfish) from localhost
(05:09:48)ADMIN: Tastyfish has started the game.
(05:09:48)ACCESS: Logout: *no client*/(Tastyfish)
(05:09:48)ACCESS: Login: Tastyfish/(Oddum Whip) from localhost
(05:10:07)ADMIN: Tastyfish/(Oddum Whip) created a /obj/machinery/computer/counselor
(05:10:16)ACCESS: Logout: Tastyfish/(Oddum Whip)


Starting up. 05:13.32
---------------------

Saved mode is 'extended'
ADMIN: tastyfish = Super Administrator
(05:13:32)ACCESS: Login: Tastyfish/(Tastyfish) from localhost
(05:13:47)ADMIN: Tastyfish has started the game.
(05:13:47)ACCESS: Logout: *no client*/(Tastyfish)
(05:13:47)ACCESS: Login: Tastyfish/(Cerol Wall) from localhost
(05:14:09)ADMIN: Tastyfish/(Cerol Wall) created a /obj/machinery/computer/counselor
(05:15:20)ADMIN: Tastyfish/(Cerol Wall) modified [0x2100389f] (/datum/text_parser/parser/eliza)'s D to the monkey (531)
(05:15:23)ACCESS: Logout: Tastyfish/(Cerol Wall)


Starting up. 05:16.09
---------------------

Saved mode is 'extended'
ADMIN: tastyfish = Super Administrator
(05:16:09)ACCESS: Login: Tastyfish/(Tastyfish) from localhost
(05:16:31)ADMIN: Tastyfish has started the game.
(05:16:32)ACCESS: Logout: *no client*/(Tastyfish)
(05:16:32)ACCESS: Login: Tastyfish/(Uvash Helmet) from localhost
(05:16:51)ADMIN: Tastyfish/(Uvash Helmet) created a /obj/machinery/computer/counselor
(05:17:23)SAY: monkey (769)/ : *sneeze
(05:18:59)SAY: monkey (170)/ : *sneeze
(05:19:02)SAY: monkey (170)/ : *sneeze
(05:19:29)SAY: monkey (769)/ : *sneeze
(05:19:47)SAY: monkey (170)/ : *sneeze
(05:19:52)SAY: monkey (170)/ : *sneeze
(05:19:52)ACCESS: Logout: Tastyfish/(Uvash Helmet)


Starting up. 05:20.20
---------------------

Saved mode is 'extended'
ADMIN: tastyfish = Super Administrator
(05:20:20)ACCESS: Login: Tastyfish/(Tastyfish) from localhost
(05:20:50)ADMIN: Tastyfish has started the game.
(05:20:50)ACCESS: Logout: *no client*/(Tastyfish)
(05:20:50)ACCESS: Login: Tastyfish/(Likot Urist) from localhost
(05:21:24)ADMIN: Tastyfish/(Likot Urist) created a /obj/machinery/computer/counselor
(05:22:22)SAY: monkey (420)/ : *sneeze
(05:22:37)SAY: monkey (469)/ : *drool
(05:22:44)SAY: monkey (469)/ : *drool
(05:23:14)SAY: monkey (469)/ : *drool
(05:24:41)SAY: monkey (469)/ : *drool
(05:25:21)SAY: monkey (469)/ : *drool
(05:25:37)SAY: monkey (469)/ : *drool
(05:27:07)SAY: monkey (469)/ : *drool
(05:27:15)SAY: monkey (469)/ : *drool
(05:28:11)ACCESS: Logout: Tastyfish/(Likot Urist)


Starting up. 05:30.54
---------------------

Saved mode is 'extended'
ADMIN: tastyfish = Super Administrator
(05:30:55)ACCESS: Login: Tastyfish/(Tastyfish) from localhost
(05:31:32)ADMIN: Tastyfish has started the game.
(05:31:32)ACCESS: Logout: *no client*/(Tastyfish)
(05:31:32)ACCESS: Login: Tastyfish/(Minkot Trap) from localhost
(05:31:51)ADMIN: Tastyfish/(Minkot Trap) created a /obj/machinery/computer/counselor
(05:32:06)SAY: monkey (724)/ : *sneeze
(05:32:30)SAY: monkey (333)/ : *sneeze
(05:34:02)SAY: monkey (333)/ : *sneeze
(05:35:24)SAY: monkey (797)/ : *sneeze
(05:35:31)SAY: monkey (333)/ : *sneeze
(05:35:38)ACCESS: Logout: Tastyfish/(Minkot Trap)


Starting up. 05:36.23
---------------------

Saved mode is 'extended'
ADMIN: tastyfish = Super Administrator
(05:36:23)ACCESS: Login: Tastyfish/(Tastyfish) from localhost
(05:36:54)ADMIN: Tastyfish has started the game.
(05:36:55)ACCESS: Logout: *no client*/(Tastyfish)
(05:36:55)ACCESS: Login: Tastyfish/(Besmar Driven) from localhost
(05:37:26)ADMIN: Tastyfish/(Besmar Driven) created a /obj/machinery/computer/counselor
(05:40:41)ACCESS: Logout: Tastyfish/(Besmar Driven)


Starting up. 05:41.12
---------------------

Saved mode is 'extended'
ADMIN: tastyfish = Super Administrator
(05:41:12)ACCESS: Login: Tastyfish/(Tastyfish) from localhost
(05:41:27)ADMIN: Tastyfish has started the game.
(05:41:27)ACCESS: Logout: *no client*/(Tastyfish)
(05:41:27)ACCESS: Login: Tastyfish/(Kumil Noble) from localhost
(05:41:40)ADMIN: Tastyfish/(Kumil Noble) created a /obj/machinery/computer/counselor
(05:44:07)SAY: monkey (644)/ : *twitch
(05:46:19)SAY: monkey (253)/ : *twitch
(05:46:44)SAY: monkey (644)/ : *twitch
(05:47:37)SAY: monkey (680)/ : *twitch
(05:47:37)SAY: monkey (105)/ : *twitch
(05:47:57)SAY: monkey (680)/ : *twitch
(05:48:27)SAY: monkey (644)/ : *twitch
(05:48:37)SAY: monkey (253)/ : *twitch
(05:49:31)SAY: monkey (644)/ : *twitch
(05:49:46)SAY: monkey (680)/ : *twitch
(05:50:03)SAY: monkey (253)/ : *twitch
(05:50:11)SAY: monkey (105)/ : *twitch
(05:51:19)ACCESS: Logout: Tastyfish/(Kumil Noble)


Starting up. 05:52.04
---------------------

Saved mode is 'extended'
ADMIN: tastyfish = Super Administrator
(05:52:04)ACCESS: Login: Tastyfish/(Tastyfish) from localhost
(05:52:14)ACCESS: Logout: Tastyfish/(Tastyfish)


Starting up. 05:52.58
---------------------

Saved mode is 'extended'
ADMIN: tastyfish = Super Administrator
(05:52:58)ACCESS: Login: Tastyfish/(Tastyfish) from localhost
(05:53:23)ADMIN: Tastyfish has started the game.
(05:53:23)ACCESS: Logout: *no client*/(Tastyfish)
(05:53:23)ACCESS: Login: Tastyfish/(Nomal Filth) from localhost
(05:53:43)ADMIN: Tastyfish/(Nomal Filth) created a /obj/machinery/computer/counselor
(05:54:54)SAY: monkey (386)/ : *drool
(05:55:03)SAY: monkey (742)/ : *drool
(05:55:23)SAY: monkey (540)/ : *drool
(05:55:28)SAY: monkey (386)/ : *drool
(05:55:33)SAY: monkey (742)/ : *drool
(05:55:38)SAY: monkey (386)/ : *drool
(05:55:38)SAY: monkey (742)/ : *drool
(05:55:41)SAY: monkey (540)/ : *drool
(05:55:43)SAY: monkey (68)/ : *drool
(05:55:43)SAY: monkey (742)/ : *drool
(05:55:46)SAY: monkey (540)/ : *drool
(05:55:53)SAY: monkey (742)/ : *drool
(05:55:56)SAY: monkey (742)/ : *drool
(05:56:06)SAY: monkey (68)/ : *drool
(05:56:11)SAY: monkey (68)/ : *drool
(05:56:21)SAY: monkey (742)/ : *drool
(05:56:23)SAY: monkey (837)/ : *drool
(05:56:26)SAY: monkey (386)/ : *drool
(05:56:43)SAY: monkey (68)/ : *drool
(05:56:45)SAY: monkey (68)/ : *drool
(05:57:27)SAY: monkey (386)/ : *drool
(05:57:30)SAY: monkey (742)/ : *drool
(05:57:32)SAY: monkey (386)/ : *drool
(05:57:55)SAY: monkey (68)/ : *drool
(05:58:18)SAY: monkey (540)/ : *cough
(05:58:28)SAY: monkey (742)/ : *drool
(05:59:00)SAY: monkey (837)/ : *drool
(05:59:13)SAY: monkey (68)/ : *drool
(05:59:13)SAY: monkey (837)/ : *drool
(05:59:13)SAY: monkey (742)/ : *drool
(05:59:20)SAY: monkey (742)/ : *drool
(05:59:25)SAY: monkey (540)/ : *cough
(05:59:28)SAY: monkey (68)/ : *drool
(05:59:38)SAY: monkey (540)/ : *cough
(05:59:45)SAY: monkey (837)/ : *drool
(05:59:48)SAY: monkey (837)/ : *cough
(05:59:52)SAY: monkey (540)/ : *cough
(05:59:52)SAY: monkey (742)/ : *drool
(05:59:55)SAY: monkey (540)/ : *cough
(05:59:58)SAY: monkey (540)/ : *cough
(06:00:02)SAY: monkey (540)/ : *cough
(06:00:05)SAY: monkey (386)/ : *cough
(06:00:10)SAY: monkey (837)/ : *cough
(06:00:27)SAY: monkey (68)/ : *drool
(06:00:45)SAY: monkey (386)/ : *drool
(06:00:52)SAY: monkey (68)/ : *drool
(06:00:52)SAY: monkey (837)/ : *drool
(06:00:57)SAY: monkey (742)/ : *drool
(06:00:57)SAY: monkey (742)/ : *cough
(06:01:00)SAY: monkey (68)/ : *cough
(06:01:09)SAY: monkey (540)/ : *cough
(06:01:09)SAY: monkey (837)/ : *drool
(06:01:19)SAY: monkey (386)/ : *drool
(06:01:22)SAY: monkey (386)/ : *cough
(06:01:25)SAY: monkey (386)/ : *cough
(06:01:27)SAY: monkey (68)/ : *drool
(06:01:40)SAY: monkey (742)/ : *cough
(06:01:44)SAY: monkey (540)/ : *drool
(06:01:44)SAY: monkey (742)/ : *drool
(06:01:44)SAY: monkey (742)/ : *cough
(06:01:50)SAY: monkey (68)/ : *cough
(06:01:52)SAY: monkey (837)/ : *cough
(06:01:57)SAY: monkey (837)/ : *cough
(06:01:59)SAY: monkey (742)/ : *cough
(06:02:09)SAY: monkey (540)/ : *drool
(06:02:17)SAY: monkey (540)/ : *drool
(06:02:22)SAY: monkey (386)/ : *cough
(06:02:24)SAY: monkey (837)/ : *drool
(06:02:32)SAY: monkey (68)/ : *cough
(06:02:34)SAY: monkey (837)/ : *cough
(06:02:45)SAY: monkey (742)/ : *cough
(06:02:47)SAY: monkey (386)/ : *drool
(06:02:47)SAY: monkey (68)/ : *drool
(06:02:47)SAY: monkey (742)/ : *drool
(06:02:57)SAY: monkey (837)/ : *cough
(06:03:05)SAY: monkey (742)/ : *drool
(06:03:12)SAY: monkey (386)/ : *drool
(06:03:12)SAY: monkey (540)/ : *cough
(06:03:12)SAY: monkey (837)/ : *cough
(06:03:17)SAY: monkey (68)/ : *drool
(06:03:20)SAY: monkey (837)/ : *cough
(06:03:25)SAY: monkey (837)/ : *cough
(06:03:25)SAY: monkey (742)/ : *drool
(06:03:37)SAY: monkey (540)/ : *cough
(06:03:45)SAY: monkey (540)/ : *drool
(06:03:47)SAY: monkey (68)/ : *cough
(06:03:57)SAY: monkey (742)/ : *drool
(06:04:02)SAY: monkey (386)/ : *drool
(06:04:02)SAY: monkey (837)/ : *drool
(06:04:07)SAY: monkey (386)/ : *drool
(06:04:17)SAY: monkey (386)/ : *drool
(06:04:17)SAY: monkey (540)/ : *drool
(06:04:17)SAY: monkey (742)/ : *cough
(06:04:22)SAY: monkey (540)/ : *drool
(06:04:22)SAY: monkey (742)/ : *drool
(06:04:24)SAY: monkey (68)/ : *drool
(06:04:27)SAY: monkey (540)/ : *drool
(06:04:27)SAY: monkey (68)/ : *drool
(06:04:27)SAY: monkey (742)/ : *drool
(06:04:29)SAY: monkey (386)/ : *cough
(06:04:42)SAY: monkey (386)/ : *drool
(06:04:47)SAY: monkey (68)/ : *cough
(06:04:47)SAY: monkey (837)/ : *drool
(06:04:57)SAY: monkey (540)/ : *drool
(06:04:59)SAY: monkey (540)/ : *cough
(06:05:02)SAY: monkey (386)/ : *drool
(06:05:06)SAY: monkey (68)/ : *drool
(06:05:09)SAY: monkey (742)/ : *drool
(06:05:12)SAY: monkey (386)/ : *drool
(06:05:16)SAY: monkey (742)/ : *cough
(06:05:22)SAY: monkey (742)/ : *cough
(06:05:26)SAY: monkey (386)/ : *drool
(06:05:26)SAY: monkey (540)/ : *cough
(06:05:36)SAY: monkey (540)/ : *drool
(06:05:47)ACCESS: Logout: Tastyfish/(Nomal Filth)


Starting up. 06:06.33
---------------------

Saved mode is 'extended'
ADMIN: tastyfish = Super Administrator
(06:06:34)ACCESS: Login: Tastyfish/(Tastyfish) from localhost
(06:06:51)ADMIN: Tastyfish has started the game.
(06:06:52)ACCESS: Logout: *no client*/(Tastyfish)
(06:06:52)ACCESS: Login: Tastyfish/(Nomal Mountain) from localhost
(06:07:15)ADMIN: Tastyfish/(Nomal Mountain) created a /obj/machinery/computer/counselor
(06:21:10)ACCESS: Logout: Tastyfish/(Nomal Mountain)


Starting up. 06:21.54
---------------------

Saved mode is 'extended'
ADMIN: tastyfish = Super Administrator
(06:21:54)ACCESS: Login: Tastyfish/(Tastyfish) from localhost
(06:22:09)ADMIN: Tastyfish has started the game.
(06:22:10)ACCESS: Logout: *no client*/(Tastyfish)
(06:22:10)ACCESS: Login: Tastyfish/(Fath Block) from localhost
(06:22:30)ADMIN: Tastyfish/(Fath Block) created a /obj/machinery/computer/counselor
(06:23:22)SAY: monkey (714)/ : *twitch
(06:23:40)SAY: monkey (714)/ : *twitch
(06:23:48)SAY: monkey (714)/ : *twitch
(06:23:55)SAY: monkey (714)/ : *twitch
(06:24:02)SAY: monkey (879)/ : *twitch
(06:24:52)SAY: monkey (788)/ : *twitch
(06:25:10)SAY: monkey (714)/ : *twitch
(06:25:15)SAY: monkey (879)/ : *twitch
(06:25:20)SAY: monkey (53)/ : *twitch
(06:25:30)SAY: monkey (788)/ : *twitch
(06:25:45)SAY: monkey (879)/ : *twitch
(06:25:47)SAY: monkey (53)/ : *twitch
(06:25:50)SAY: monkey (597)/ : *twitch
(06:26:12)SAY: monkey (788)/ : *twitch
(06:26:17)SAY: monkey (879)/ : *twitch
(06:26:22)SAY: monkey (714)/ : *twitch
(06:26:27)SAY: monkey (597)/ : *twitch
(06:26:42)SAY: monkey (879)/ : *twitch
(06:26:52)SAY: monkey (879)/ : *twitch
(06:26:57)SAY: monkey (714)/ : *twitch
(06:27:19)SAY: monkey (714)/ : *twitch
(06:27:25)SAY: monkey (891)/ : *twitch
(06:27:32)SAY: monkey (53)/ : *twitch
(06:27:55)SAY: monkey (891)/ : *twitch
(06:27:57)SAY: monkey (879)/ : *twitch
(06:28:00)SAY: monkey (53)/ : *twitch
(06:28:20)SAY: monkey (891)/ : *twitch
(06:28:40)SAY: monkey (714)/ : *twitch
(06:28:42)SAY: monkey (891)/ : *twitch
(06:28:52)SAY: monkey (788)/ : *twitch
(06:28:57)SAY: monkey (788)/ : *twitch
(06:29:07)SAY: monkey (597)/ : *twitch
(06:29:07)SAY: monkey (891)/ : *twitch
(06:29:07)SAY: monkey (788)/ : *twitch
(06:29:52)SAY: monkey (891)/ : *twitch
(06:29:54)SAY: monkey (53)/ : *twitch
(06:30:35)SAY: monkey (53)/ : *twitch
(06:30:55)SAY: monkey (714)/ : *twitch
(06:30:59)SAY: monkey (788)/ : *twitch
(06:31:11)ACCESS: Logout: Tastyfish/(Fath Block)


Starting up. 06:31.55
---------------------

Saved mode is 'extended'
ADMIN: tastyfish = Super Administrator
(06:31:55)ACCESS: Login: Tastyfish/(Tastyfish) from localhost
(06:32:10)ADMIN: Tastyfish has started the game.
(06:32:10)ACCESS: Logout: *no client*/(Tastyfish)
(06:32:10)ACCESS: Login: Tastyfish/(Besmar Goblin) from localhost
(06:32:31)ADMIN: Tastyfish/(Besmar Goblin) created a /obj/machinery/computer/counselor
(06:36:06)ACCESS: Logout: Tastyfish/(Besmar Goblin)


Starting up. 06:41.17
---------------------

Saved mode is 'extended'
ADMIN: tastyfish = Super Administrator
(06:41:17)ACCESS: Login: Tastyfish/(Tastyfish) from localhost
(06:41:33)ADMIN: Tastyfish has started the game.
(06:41:34)ACCESS: Logout: *no client*/(Tastyfish)
(06:41:34)ACCESS: Login: Tastyfish/(Nil Sword) from localhost
(06:41:53)ADMIN: Tastyfish/(Nil Sword) created a /obj/machinery/computer/counselor
(06:41:57)SAY: monkey (681)/ : *twitch
(06:42:32)SAY: monkey (681)/ : *twitch
(06:42:34)SAY: monkey (681)/ : *twitch
(06:44:06)SAY: monkey (681)/ : *twitch
(06:44:18)SAY: monkey (681)/ : *twitch
(06:44:35)SAY: monkey (681)/ : *twitch
(06:45:05)SAY: monkey (137)/ : *twitch
(06:45:16)ACCESS: Logout: Tastyfish/(Nil Sword)


Starting up. 06:46.01
---------------------

Saved mode is 'extended'
ADMIN: tastyfish = Super Administrator
(06:46:01)ACCESS: Login: Tastyfish/(Tastyfish) from localhost
(06:46:18)ADMIN: Tastyfish has started the game.
(06:46:19)ACCESS: Logout: *no client*/(Tastyfish)
(06:46:19)ACCESS: Login: Tastyfish/(Fath Booze) from localhost
(06:46:37)ADMIN: Tastyfish/(Fath Booze) created a /obj/machinery/computer/counselor
(06:47:19)SAY: monkey (728)/ : *drool
(06:47:19)SAY: monkey (271)/ : *drool
(06:47:33)ACCESS: Logout: Tastyfish/(Fath Booze)


Starting up. 06:48.16
---------------------

Saved mode is 'extended'
ADMIN: tastyfish = Super Administrator
(06:48:16)ACCESS: Login: Tastyfish/(Tastyfish) from localhost
(06:48:30)ADMIN: Tastyfish has started the game.
(06:48:31)ACCESS: Logout: *no client*/(Tastyfish)
(06:48:31)ACCESS: Login: Tastyfish/(Sarvesh Kobold) from localhost
(06:48:53)ADMIN: Tastyfish/(Sarvesh Kobold) created a /obj/machinery/computer/counselor
(06:49:29)SAY: monkey (34)/ : *sneeze
(06:49:37)SAY: monkey (600)/ : *sneeze
(06:50:07)SAY: monkey (600)/ : *sneeze
(06:50:24)SAY: monkey (600)/ : *sneeze
(06:50:27)SAY: monkey (600)/ : *sneeze
(06:50:52)SAY: monkey (34)/ : *sneeze
(06:51:04)SAY: monkey (583)/ : *sneeze
(06:51:14)ACCESS: Logout: Tastyfish/(Sarvesh Kobold)


Starting up. 06:53.29
---------------------

Saved mode is 'extended'
ADMIN: tastyfish = Super Administrator
(06:53:29)ACCESS: Login: Tastyfish/(Tastyfish) from localhost
(06:53:43)ADMIN: Tastyfish has started the game.
(06:53:44)ACCESS: Logout: *no client*/(Tastyfish)
(06:53:44)ACCESS: Login: Tastyfish/(Fath Copper) from localhost
(06:54:02)ADMIN: Tastyfish/(Fath Copper) created a /obj/machinery/computer/counselor
(15:33:25)ACCESS: Logout: Tastyfish/(Fath Copper)


Starting up. 15:42.44
---------------------

Saved mode is 'extended'
ADMIN: tastyfish = Super Administrator
(15:42:45)ACCESS: Login: Tastyfish/(Tastyfish) from localhost
(15:43:01)ADMIN: Tastyfish has started the game.
(15:43:02)ACCESS: Logout: *no client*/(Tastyfish)
(15:43:02)ACCESS: Login: Tastyfish/(Nomal Cabinet) from localhost
(15:43:28)ADMIN: Tastyfish/(Nomal Cabinet) created a /obj/machinery/computer/counselor
(15:43:50)ADMIN: Tastyfish/(Nomal Cabinet) created a /obj/item/weapon/card/emag
(16:25:10)SAY: Nomal Cabinet/Tastyfish : *shiver
(16:28:36)SAY: Nomal Cabinet/Tastyfish : *shiver
(16:29:34)SAY: Nomal Cabinet/Tastyfish : *shiver
(16:30:39)SAY: Nomal Cabinet/Tastyfish : *shiver
(16:32:14)SAY: Nomal Cabinet/Tastyfish : *shiver
(16:36:16)SAY: Nomal Cabinet/Tastyfish : *shiver
(16:36:23)SAY: Nomal Cabinet/Tastyfish : *shiver
(16:38:00)SAY: Nomal Cabinet/Tastyfish : *shiver
(16:38:12)SAY: Nomal Cabinet/Tastyfish : *shiver
(16:40:51)SAY: Nomal Cabinet/Tastyfish : *shiver
(16:41:04)SAY: Nomal Cabinet/Tastyfish : *shiver
(16:42:15)SAY: Nomal Cabinet/Tastyfish : *shiver
(16:42:28)SAY: Nomal Cabinet/Tastyfish : *shiver
(16:43:20)SAY: Nomal Cabinet/Tastyfish : *shiver
(16:43:23)SAY: Nomal Cabinet/Tastyfish : *shiver
(16:43:25)SAY: Nomal Cabinet/Tastyfish : *shiver
(16:44:25)SAY: Nomal Cabinet/Tastyfish : *shiver
(16:44:39)SAY: Nomal Cabinet/Tastyfish : *shiver
(16:48:11)SAY: Nomal Cabinet/Tastyfish : *shiver
(16:50:10)SAY: Nomal Cabinet/Tastyfish : *shiver
(16:52:07)SAY: Nomal Cabinet/Tastyfish : *shiver
(16:52:22)SAY: Nomal Cabinet/Tastyfish : *shiver
(16:52:44)SAY: Nomal Cabinet/Tastyfish : *shiver
(16:53:57)SAY: Nomal Cabinet/Tastyfish : *shiver
(16:56:48)SAY: Nomal Cabinet/Tastyfish : *shiver
(16:57:01)SAY: Nomal Cabinet/Tastyfish : *shiver
(16:57:11)SAY: Nomal Cabinet/Tastyfish : *shiver
(16:57:53)SAY: Nomal Cabinet/Tastyfish : *shiver
(17:00:58)SAY: Nomal Cabinet/Tastyfish : *shiver
(17:05:40)SAY: Nomal Cabinet/Tastyfish : *shiver
(17:06:02)SAY: Nomal Cabinet/Tastyfish : *shiver
(17:10:45)ACCESS: Logout: Tastyfish/(Nomal Cabinet)


Starting up. 17:11.10
---------------------

Saved mode is 'extended'
ADMIN: tastyfish = Super Administrator
(17:11:10)ACCESS: Login: Tastyfish/(Tastyfish) from localhost
(17:11:49)ADMIN: Tastyfish has started the game.
(17:11:50)ACCESS: Logout: *no client*/(Tastyfish)
(17:11:50)ACCESS: Login: Tastyfish/(Minkot Driven) from localhost
(17:12:06)ADMIN: Tastyfish/(Minkot Driven) created a /obj/machinery/computer/counselor
(17:12:49)ACCESS: Logout: Tastyfish/(Minkot Driven)


Starting up. 17:22.46
---------------------

Saved mode is 'extended'
ADMIN: tastyfish = Super Administrator
(17:22:46)ACCESS: Login: Tastyfish/(Tastyfish) from localhost
(17:23:01)ADMIN: Tastyfish has started the game.
(17:23:01)ACCESS: Logout: *no client*/(Tastyfish)
(17:23:01)ACCESS: Login: Tastyfish/(Cog River) from localhost
(17:23:20)ADMIN: Tastyfish/(Cog River) created a /obj/machinery/computer/counselor
(17:23:40)SAY: monkey (320)/ : *sneeze
(17:23:59)SAY: monkey (320)/ : *sneeze
(17:24:22)SAY: monkey (322)/ : *sneeze
(22:47:56)SAY: monkey (660)/ : *sneeze
(22:47:56)SAY: monkey (322)/ : *sneeze
(22:48:35)ACCESS: Logout: Tastyfish/(Cog River)


Starting up. 23:50.37
---------------------

Saved mode is 'extended'
ADMIN: tastyfish = Super Administrator
(23:50:37)ACCESS: Login: Tastyfish/(Tastyfish) from localhost
(23:50:58)ADMIN: Tastyfish has started the game.
(23:50:58)ACCESS: Logout: *no client*/(Tastyfish)
(23:50:58)ACCESS: Login: Tastyfish/(Sarvesh River) from localhost
(23:51:29)ADMIN: Tastyfish/(Sarvesh River) created a /obj/machinery/computer/counselor
(23:55:05)ACCESS: Logout: Tastyfish/(Sarvesh River)


Starting up. 23:55.55
---------------------

Saved mode is 'extended'
ADMIN: tastyfish = Super Administrator
(23:55:55)ACCESS: Login: Tastyfish/(Tastyfish) from localhost
(23:56:14)ADMIN: Tastyfish has started the game.
(23:56:15)ACCESS: Logout: *no client*/(Tastyfish)
(23:56:15)ACCESS: Login: Tastyfish/(Sarvesh Carp) from localhost
(23:56:27)ADMIN: Tastyfish/(Sarvesh Carp) created a /obj/machinery/computer/counselor
---------------------
Day Ended, see next log
