New Day, continuing from previous
---------------------
(00:00:59)SAY: monkey (764)/ : *shiver
(00:02:25)SAY: monkey (824)/ : *shiver
(00:02:35)SAY: monkey (365)/ : *shiver
(00:02:43)SAY: monkey (764)/ : *shiver
(00:02:43)SAY: monkey (824)/ : *shiver
(00:02:45)ACCESS: Logout: Tastyfish/(Sarvesh Carp)


Starting up. 00:04.45
---------------------

Saved mode is 'extended'
ADMIN: tastyfish = Super Administrator
(00:04:45)ACCESS: Login: Tastyfish/(Tastyfish) from localhost
(00:04:58)ADMIN: Tastyfish has started the game.
(00:05:05)ACCESS: Logout: *no client*/(Tastyfish)
(00:05:05)ACCESS: Login: Tastyfish/(Fath Magma) from localhost
(00:05:22)ADMIN: Tastyfish/(Fath Magma) created a /obj/machinery/computer/counselor
(00:07:06)SAY: monkey (715)/ : *sneeze
(00:07:09)ACCESS: Logout: Tastyfish/(Fath Magma)


Starting up. 00:07.55
---------------------

Saved mode is 'extended'
ADMIN: tastyfish = Super Administrator
(00:07:55)ACCESS: Login: Tastyfish/(Tastyfish) from localhost
(00:08:10)ADMIN: Tastyfish has started the game.
(00:08:11)ACCESS: Logout: *no client*/(Tastyfish)
(00:08:11)ACCESS: Login: Tastyfish/(Fath Booze) from localhost
(00:08:24)ADMIN: Tastyfish/(Fath Booze) created a /obj/machinery/computer/counselor
(00:09:07)SAY: monkey (826)/ : *twitch
(00:09:46)SAY: monkey (826)/ : *twitch
(00:09:57)SAY: monkey (826)/ : *twitch
(00:09:59)SAY: monkey (826)/ : *twitch
(00:10:16)SAY: monkey (525)/ : *twitch
(00:10:26)SAY: monkey (826)/ : *twitch
(00:10:49)SAY: monkey (826)/ : *twitch
(00:11:19)SAY: monkey (525)/ : *twitch
(00:11:24)SAY: monkey (826)/ : *twitch
(00:11:34)SAY: monkey (525)/ : *twitch
(00:11:54)SAY: monkey (647)/ : *twitch
(00:12:54)SAY: monkey (525)/ : *twitch
(00:12:59)SAY: monkey (647)/ : *twitch
(00:13:02)SAY: monkey (647)/ : *twitch
(00:13:22)SAY: monkey (647)/ : *twitch
(00:13:27)SAY: monkey (647)/ : *twitch
(00:13:49)SAY: monkey (647)/ : *twitch
(00:13:52)SAY: monkey (647)/ : *twitch
(00:14:05)SAY: monkey (647)/ : *twitch
(00:14:13)SAY: monkey (159)/ : *twitch
(00:14:48)ACCESS: Logout: Tastyfish/(Fath Booze)


Starting up. 00:15.33
---------------------

Saved mode is 'extended'
ADMIN: tastyfish = Super Administrator
(00:15:33)ACCESS: Login: Tastyfish/(Tastyfish) from localhost
(00:15:44)ACCESS: Logout: Tastyfish/(Tastyfish)


Starting up. 00:20.26
---------------------

Saved mode is 'extended'
ADMIN: tastyfish = Super Administrator
(00:20:26)ACCESS: Login: Tastyfish/(Tastyfish) from localhost
(00:20:41)ADMIN: Tastyfish has started the game.
(00:20:42)ACCESS: Logout: *no client*/(Tastyfish)
(00:20:42)ACCESS: Login: Tastyfish/(Likot Filth) from localhost
(00:21:01)ADMIN: Tastyfish/(Likot Filth) created a /obj/machinery/computer/counselor
(00:22:02)SAY: monkey (669)/ : *drool
(00:23:36)SAY: monkey (669)/ : *drool
(00:23:54)SAY: monkey (669)/ : *drool
(00:24:14)SAY: monkey (60)/ : *drool
(00:24:24)SAY: monkey (669)/ : *drool
(00:25:29)SAY: monkey (78)/ : *drool
(00:25:32)SAY: monkey (669)/ : *cough
(00:26:12)SAY: monkey (669)/ : *cough
(00:26:12)SAY: monkey (78)/ : *drool
(00:26:19)SAY: monkey (60)/ : *drool
(00:26:19)SAY: monkey (78)/ : *drool
(00:26:19)SAY: monkey (463)/ : *drool
(00:26:32)SAY: monkey (463)/ : *drool
(00:26:52)SAY: monkey (78)/ : *drool
(00:26:56)ACCESS: Logout: Tastyfish/(Likot Filth)


Starting up. 00:27.40
---------------------

Saved mode is 'extended'
ADMIN: tastyfish = Super Administrator
(00:27:41)ACCESS: Login: Tastyfish/(Tastyfish) from localhost
(00:27:56)ADMIN: Tastyfish has started the game.
(00:28:07)ACCESS: Logout: *no client*/(Tastyfish)
(00:28:07)ACCESS: Login: Tastyfish/(Shorast Zombie) from localhost
(00:28:29)ADMIN: Tastyfish/(Shorast Zombie) created a /obj/machinery/computer/counselor
(00:31:32)ACCESS: Logout: Tastyfish/(Shorast Zombie)


Starting up. 00:32.07
---------------------

Saved mode is 'extended'
ADMIN: tastyfish = Super Administrator
(00:32:07)ACCESS: Login: Tastyfish/(Tastyfish) from localhost
(00:32:19)ACCESS: Logout: Tastyfish/(Tastyfish)


Starting up. 00:33.14
---------------------

Saved mode is 'extended'
ADMIN: tastyfish = Super Administrator
(00:33:14)ACCESS: Login: Tastyfish/(Tastyfish) from localhost
(00:33:29)ADMIN: Tastyfish has started the game.
(00:33:29)ACCESS: Logout: *no client*/(Tastyfish)
(00:33:29)ACCESS: Login: Tastyfish/(Shorast Dagger) from localhost
(00:34:11)ADMIN: Tastyfish/(Shorast Dagger) created a /obj/machinery/computer/counselor
(00:35:58)ACCESS: Logout: Tastyfish/(Shorast Dagger)


Starting up. 00:37.41
---------------------

(00:37:42)ADMIN: not connected
(00:37:42)ACCESS: Login: Tastyfish/(Tastyfish) from localhost
(00:37:42)ADMIN: not connected
(00:37:42)ADMIN: not connected
(00:37:42)ADMIN: not connected
(00:37:42)ADMIN: not connected
Saved mode is 'extended'
ADMIN: tastyfish = Super Administrator
(00:38:47)ACCESS: Logout: Tastyfish/(Tastyfish)


Starting up. 00:39.34
---------------------

Saved mode is 'extended'
ADMIN: tastyfish = Super Administrator
(00:39:35)ACCESS: Login: Tastyfish/(Tastyfish) from localhost
(00:39:49)ADMIN: Tastyfish has started the game.
(00:39:50)ACCESS: Logout: *no client*/(Tastyfish)
(00:39:50)ACCESS: Login: Tastyfish/(Besmar Kobold) from localhost
(00:40:04)ADMIN: Tastyfish/(Besmar Kobold) created a /obj/machinery/computer/counselor
(00:45:06)ACCESS: Logout: Tastyfish/(Besmar Kobold)


Starting up. 00:45.29
---------------------

Saved mode is 'extended'
ADMIN: tastyfish = Super Administrator
(00:45:29)ACCESS: Login: Tastyfish/(Tastyfish) from localhost


Starting up. 00:45.55
---------------------

Saved mode is 'extended'
ADMIN: tastyfish = Super Administrator
(00:45:55)ACCESS: Login: Tastyfish/(Tastyfish) from localhost
(00:46:14)ADMIN: Tastyfish has started the game.
(00:46:14)ACCESS: Logout: *no client*/(Tastyfish)
(00:46:14)ACCESS: Login: Tastyfish/(Nomal Rock) from localhost
(00:46:32)ADMIN: Tastyfish/(Nomal Rock) created a /obj/machinery/computer/counselor
(01:02:44)ACCESS: Logout: Tastyfish/(Nomal Rock)


Starting up. 01:10.09
---------------------

Saved mode is 'extended'
ADMIN: tastyfish = Super Administrator
(01:10:09)ACCESS: Login: Tastyfish/(Tastyfish) from localhost
(01:10:46)ADMIN: Tastyfish has started the game.
(01:10:47)ACCESS: Logout: *no client*/(Tastyfish)
(01:10:47)ACCESS: Login: Tastyfish/(Oddum Crossbow) from localhost
(01:11:08)ADMIN: Tastyfish/(Oddum Crossbow) created a /obj/machinery/computer/counselor
(01:11:24)SAY: monkey (844)/ : *twitch
(01:12:26)SAY: monkey (844)/ : *twitch
(01:12:28)SAY: monkey (844)/ : *twitch
(01:13:08)SAY: monkey (677)/ : *sneeze
(01:13:13)SAY: monkey (563)/ : *twitch
(01:13:50)SAY: monkey (844)/ : *twitch
(01:14:41)ADMIN: Tastyfish/(Oddum Crossbow) created a /obj/item/weapon/card/emag
(01:16:16)SAY: monkey (774)/ : *sneeze
(01:16:27)ACCESS: Logout: Tastyfish/(Oddum Crossbow)


Starting up. 01:20.37
---------------------

Saved mode is 'extended'
ADMIN: tastyfish = Super Administrator
(01:20:37)ACCESS: Login: Tastyfish/(Tastyfish) from localhost
(01:20:51)ADMIN: Tastyfish has started the game.
(01:20:52)ACCESS: Logout: *no client*/(Tastyfish)
(01:20:52)ACCESS: Login: Tastyfish/(Ingiz Human) from localhost
(01:21:04)ADMIN: Tastyfish/(Ingiz Human) created a /obj/machinery/computer/counselor
(01:21:18)SAY: monkey (760)/ : *drool
(01:21:26)SAY: monkey (760)/ : *drool
(01:22:10)SAY: monkey (760)/ : *drool
(01:22:35)SAY: monkey (760)/ : *drool
(01:23:07)SAY: monkey (160)/ : *drool
(01:23:13)SAY: monkey (710)/ : *drool
(01:23:15)SAY: monkey (160)/ : *drool
(01:23:17)SAY: monkey (710)/ : *drool
(01:23:20)SAY: monkey (160)/ : *drool
(01:23:25)SAY: monkey (863)/ : *drool
(01:23:45)SAY: monkey (710)/ : *drool
(01:23:50)SAY: monkey (710)/ : *drool
(01:24:00)SAY: monkey (878)/ : *drool
(01:24:07)SAY: monkey (710)/ : *drool
(01:24:17)SAY: monkey (878)/ : *drool
(01:24:30)SAY: monkey (760)/ : *drool
(01:24:32)SAY: monkey (710)/ : *drool
(01:24:49)SAY: monkey (160)/ : *drool
(01:24:52)SAY: monkey (878)/ : *drool
(01:24:52)SAY: monkey (160)/ : *drool
(01:25:22)SAY: monkey (760)/ : *drool
(01:25:27)SAY: monkey (160)/ : *drool
(01:25:29)SAY: monkey (160)/ : *drool
(01:25:37)SAY: monkey (863)/ : *drool
(01:25:45)SAY: monkey (878)/ : *drool
(01:25:47)SAY: monkey (878)/ : *drool
(01:25:50)SAY: monkey (317)/ : *drool
(01:25:52)SAY: monkey (878)/ : *drool
(01:25:52)SAY: monkey (878)/ : *cough
(01:25:55)SAY: monkey (863)/ : *drool
(01:25:57)SAY: monkey (878)/ : *drool
(01:25:57)SAY: monkey (710)/ : *drool
(01:26:00)SAY: monkey (878)/ : *cough
(01:26:00)SAY: monkey (710)/ : *drool
(01:26:22)SAY: monkey (710)/ : *drool
(01:26:29)SAY: monkey (878)/ : *cough
(01:26:40)SAY: monkey (710)/ : *cough
(01:26:42)SAY: monkey (863)/ : *drool
(01:26:45)SAY: monkey (760)/ : *drool
(01:27:00)SAY: monkey (878)/ : *cough
(01:27:02)SAY: monkey (878)/ : *cough
(01:27:02)SAY: monkey (760)/ : *drool
(01:27:12)SAY: monkey (760)/ : *cough
(01:27:20)SAY: monkey (317)/ : *drool
(01:27:22)SAY: monkey (878)/ : *cough
(01:27:27)SAY: monkey (160)/ : *cough
(01:27:45)SAY: monkey (160)/ : *drool
(01:27:57)SAY: monkey (760)/ : *cough
(01:28:02)SAY: monkey (760)/ : *cough
(01:28:09)SAY: monkey (160)/ : *cough
(01:28:34)SAY: monkey (317)/ : *drool
(01:28:52)SAY: monkey (878)/ : *cough
(01:29:02)SAY: monkey (760)/ : *drool
(01:29:07)SAY: monkey (710)/ : *drool
(01:29:14)SAY: monkey (160)/ : *drool
(01:29:20)SAY: monkey (710)/ : *drool
(01:29:29)SAY: monkey (760)/ : *drool
(01:29:37)SAY: monkey (160)/ : *drool
(01:29:39)SAY: monkey (317)/ : *drool
(01:29:50)SAY: monkey (863)/ : *drool
(01:29:50)SAY: monkey (160)/ : *cough
(01:29:54)SAY: monkey (760)/ : *drool
(01:29:54)SAY: monkey (317)/ : *drool
(01:30:02)SAY: monkey (878)/ : *cough
(01:30:14)SAY: monkey (160)/ : *cough
(01:30:19)SAY: monkey (710)/ : *cough
(01:30:22)SAY: monkey (760)/ : *cough
(01:30:35)SAY: monkey (710)/ : *drool
(01:30:37)SAY: monkey (760)/ : *cough
(01:30:37)SAY: monkey (317)/ : *drool
(01:30:37)SAY: monkey (160)/ : *cough
(01:30:42)SAY: monkey (160)/ : *cough
(01:30:52)SAY: monkey (760)/ : *drool
(01:30:52)SAY: monkey (710)/ : *drool
(01:30:54)SAY: monkey (160)/ : *drool
(01:30:57)SAY: monkey (710)/ : *cough
(01:31:07)SAY: monkey (160)/ : *cough
(01:31:12)SAY: monkey (863)/ : *drool
(01:31:17)SAY: monkey (317)/ : *drool
(01:31:22)SAY: monkey (710)/ : *drool
(01:31:39)SAY: monkey (863)/ : *cough
(01:31:47)SAY: monkey (760)/ : *cough
(01:31:47)SAY: monkey (863)/ : *cough
(01:31:52)SAY: monkey (760)/ : *drool
(01:31:54)SAY: monkey (878)/ : *cough
(01:31:54)SAY: monkey (160)/ : *cough
(01:32:14)SAY: monkey (878)/ : *drool
(01:32:24)SAY: monkey (863)/ : *cough
(01:32:27)SAY: monkey (710)/ : *drool
(01:32:32)SAY: monkey (160)/ : *cough
(01:32:37)SAY: monkey (863)/ : *drool
(01:32:39)SAY: monkey (160)/ : *drool
(01:32:47)SAY: monkey (863)/ : *drool
(01:32:47)SAY: monkey (317)/ : *drool
(01:32:49)SAY: monkey (863)/ : *cough
(01:32:49)SAY: monkey (710)/ : *drool
(01:32:52)SAY: monkey (863)/ : *drool
(01:33:04)SAY: monkey (160)/ : *drool
(01:33:04)SAY: monkey (160)/ : *cough
(01:33:19)SAY: monkey (160)/ : *cough
(01:33:22)SAY: monkey (710)/ : *drool
(01:33:23)ACCESS: Logout: Tastyfish/(Ingiz Human)


Starting up. 01:34.10
---------------------

(01:34:11)ADMIN: not connected
(01:34:11)ACCESS: Login: Tastyfish/(Tastyfish) from localhost
(01:34:11)ADMIN: not connected
(01:34:11)ADMIN: not connected
(01:34:11)ADMIN: not connected
(01:34:11)ADMIN: not connected
Saved mode is 'extended'
ADMIN: tastyfish = Super Administrator
(01:34:44)ACCESS: Logout: *no client*/(Tastyfish)
(01:34:44)ACCESS: Login: Tastyfish/(observer) from localhost
(01:34:46)ACCESS: Logout: Tastyfish/(Cog Zombie)


Starting up. 01:35.41
---------------------

Saved mode is 'extended'
ADMIN: tastyfish = Super Administrator
(01:35:41)ACCESS: Login: Tastyfish/(Tastyfish) from localhost
(01:35:59)ADMIN: Tastyfish has started the game.
(01:36:00)ACCESS: Logout: *no client*/(Tastyfish)
(01:36:00)ACCESS: Login: Tastyfish/(Cog Block) from localhost
(01:36:15)ADMIN: Tastyfish/(Cog Block) created a /obj/machinery/computer/counselor
(01:41:34)ACCESS: Logout: Tastyfish/(Cog Block)


Starting up. 01:42.18
---------------------

Saved mode is 'extended'
ADMIN: tastyfish = Super Administrator
(01:42:18)ACCESS: Login: Tastyfish/(Tastyfish) from localhost
(01:42:40)ADMIN: Tastyfish has started the game.
(01:42:46)ACCESS: Logout: *no client*/(Tastyfish)
(01:42:46)ACCESS: Login: Tastyfish/(Uvash Hammer) from localhost
(01:43:05)SAY: monkey (612)/ : *sneeze
(01:44:34)SAY: monkey (654)/ : *sneeze
(01:45:11)SAY: monkey (488)/ : *sneeze
(01:45:46)SAY: monkey (981)/ : *sneeze
(01:46:03)SAY: monkey (207)/ : *sneeze
(01:46:16)SAY: monkey (981)/ : *sneeze
(01:46:32)ADMIN: Tastyfish/(Uvash Hammer) created a /obj/machinery/computer/counselor
(01:46:37)SAY: monkey (981)/ : *sneeze
(01:46:56)ACCESS: Logout: Tastyfish/(Uvash Hammer)


Starting up. 01:47.45
---------------------

(01:47:46)ADMIN: not connected
(01:47:46)ACCESS: Login: Tastyfish/(Tastyfish) from localhost
(01:47:46)ADMIN: not connected
(01:47:46)ADMIN: not connected
(01:47:46)ADMIN: not connected
(01:47:46)ADMIN: not connected
Saved mode is 'extended'
ADMIN: tastyfish = Super Administrator
(01:48:13)ACCESS: Logout: *no client*/(Tastyfish)
(01:48:13)ACCESS: Login: Tastyfish/(observer) from localhost
(01:48:17)ACCESS: Logout: Tastyfish/(Cerol Cabinet)


Starting up. 01:48.47
---------------------

Saved mode is 'extended'
ADMIN: tastyfish = Super Administrator
(01:48:47)ACCESS: Login: Tastyfish/(Tastyfish) from localhost
(01:49:00)ADMIN: Tastyfish has started the game.
(01:49:04)SAY: monkey (726)/ : *sneeze
(01:49:05)ACCESS: Logout: *no client*/(Tastyfish)
(01:49:05)ACCESS: Login: Tastyfish/(Geshud Spear) from localhost
(01:49:33)ADMIN: Tastyfish/(Geshud Spear) created a /obj/machinery/computer/counselor
(01:49:33)SAY: monkey (726)/ : *sneeze
(01:49:35)SAY: monkey (468)/ : *twitch
(01:50:20)SAY: monkey (468)/ : *twitch
(01:50:33)SAY: monkey (468)/ : *twitch
(01:50:45)SAY: monkey (468)/ : *twitch
(01:50:48)SAY: monkey (468)/ : *twitch
(01:51:15)SAY: monkey (468)/ : *twitch
(01:51:50)SAY: monkey (468)/ : *twitch


Starting up. 01:52.25
---------------------

Saved mode is 'extended'
ADMIN: tastyfish = Super Administrator
(01:52:25)ACCESS: Login: Tastyfish/(Tastyfish) from localhost
(01:52:28)SAY: monkey (571)/ : *sneeze
(01:52:48)SAY: monkey (726)/ : *sneeze
(01:52:52)ACCESS: Logout: Tastyfish/(Geshud Spear)
(01:52:58)ADMIN: Tastyfish has started the game.
(01:52:59)ACCESS: Logout: *no client*/(Tastyfish)
(01:52:59)ACCESS: Login: Tastyfish/(Nomal Hammer) from localhost
(01:53:37)ADMIN: Tastyfish/(Nomal Hammer) created a /obj/machinery/computer/counselor
(01:56:08)ACCESS: Logout: Tastyfish/(Nomal Hammer)


Starting up. 01:56.54
---------------------

Saved mode is 'extended'
ADMIN: tastyfish = Super Administrator
(01:56:54)ACCESS: Login: Tastyfish/(Tastyfish) from localhost
(01:57:39)ADMIN: Tastyfish has started the game.
(01:57:43)ACCESS: Logout: *no client*/(Tastyfish)
(01:57:43)ACCESS: Login: Tastyfish/(Ingiz Copper) from localhost
(01:57:58)ADMIN: Tastyfish/(Ingiz Copper) created a /obj/machinery/computer/counselor
(02:06:16)ACCESS: Logout: Tastyfish/(Ingiz Copper)
